Log file open, 12/31/19 10:23:51
LogWindows: Failed to load 'aqProf.dll' (GetLastError=126)
LogWindows: File 'aqProf.dll' does not exist
LogWindows: Failed to load 'VtuneApi.dll' (GetLastError=126)
LogWindows: File 'VtuneApi.dll' does not exist
LogWindows: Failed to load 'VtuneApi32e.dll' (GetLastError=126)
LogWindows: File 'VtuneApi32e.dll' does not exist
LogConsoleResponse: Display: Failed to find resolution value strings in scalability ini. Falling back to default.
LogInit: Display: Running engine for game: Meltdown
LogPlatformFile: Not using cached read wrapper
LogTaskGraph: Started task graph with 5 named threads and 14 total threads with 3 sets of task threads.
LogStats: Stats thread started at 0.113122
LogD3D11RHI: Loaded GFSDK_Aftermath_Lib.x64.dll
LogICUInternationalization: ICU TimeZone Detection - Raw Offset: +3:00, Platform Override: ''
LogPluginManager: Mounting plugin Paper2D
LogPluginManager: Mounting plugin AISupport
LogPluginManager: Mounting plugin LightPropagationVolume
LogPluginManager: Mounting plugin ActorLayerUtilities
LogPluginManager: Mounting plugin AnimationSharing
LogPluginManager: Mounting plugin CLionSourceCodeAccess
LogPluginManager: Mounting plugin CodeLiteSourceCodeAccess
LogPluginManager: Mounting plugin GitSourceControl
LogPluginManager: Mounting plugin KDevelopSourceCodeAccess
LogPluginManager: Mounting plugin NullSourceCodeAccess
LogPluginManager: Mounting plugin PerforceSourceControl
LogPluginManager: Mounting plugin PlasticSourceControl
LogPluginManager: Mounting plugin SubversionSourceControl
LogPluginManager: Mounting plugin UObjectPlugin
LogPluginManager: Mounting plugin VisualStudioCodeSourceCodeAccess
LogPluginManager: Mounting plugin VisualStudioSourceCodeAccess
LogPluginManager: Mounting plugin XCodeSourceCodeAccess
LogPluginManager: Mounting plugin AssetManagerEditor
LogPluginManager: Mounting plugin CryptoKeys
LogPluginManager: Mounting plugin CurveEditorTools
LogPluginManager: Mounting plugin DataValidation
LogPluginManager: Mounting plugin FacialAnimation
LogPluginManager: Mounting plugin GameplayTagsEditor
LogPluginManager: Mounting plugin MacGraphicsSwitching
LogPluginManager: Mounting plugin MaterialAnalyzer
LogPluginManager: Mounting plugin MobileLauncherProfileWizard
LogPluginManager: Mounting plugin PluginBrowser
LogPluginManager: Mounting plugin SpeedTreeImporter
LogPluginManager: Mounting plugin DatasmithContent
LogPluginManager: Mounting plugin VariantManagerContent
LogPluginManager: Mounting plugin AlembicImporter
LogPluginManager: Mounting plugin AutomationUtils
LogPluginManager: Mounting plugin BackChannel
LogPluginManager: Mounting plugin CharacterAI
LogPluginManager: Mounting plugin GeometryCache
LogPluginManager: Mounting plugin PlatformCrypto
LogPluginManager: Mounting plugin ProxyLODPlugin
LogPluginManager: Mounting plugin SkeletalReduction
LogPluginManager: Mounting plugin MagicLeap
LogPluginManager: Mounting plugin MagicLeapMedia
LogPluginManager: Mounting plugin MLSDK
LogPluginManager: Mounting plugin AndroidMedia
LogPluginManager: Mounting plugin AvfMedia
LogPluginManager: Mounting plugin ImgMedia
LogPluginManager: Mounting plugin MediaCompositing
LogPluginManager: Mounting plugin MediaPlayerEditor
LogPluginManager: Mounting plugin WebMMedia
LogPluginManager: Mounting plugin WmfMedia
LogPluginManager: Mounting plugin TcpMessaging
LogPluginManager: Mounting plugin UdpMessaging
LogPluginManager: Mounting plugin ActorSequence
LogPluginManager: Mounting plugin LevelSequenceEditor
LogPluginManager: Mounting plugin MatineeToLevelSequence
LogPluginManager: Mounting plugin NetcodeUnitTest
LogPluginManager: Mounting plugin NUTUnrealEngine4
LogPluginManager: Mounting plugin OnlineSubsystemGooglePlay
LogPluginManager: Mounting plugin OnlineSubsystemIOS
LogPluginManager: Mounting plugin OnlineSubsystem
LogPluginManager: Mounting plugin OnlineSubsystemNull
LogPluginManager: Mounting plugin OnlineSubsystemSteam
LogPluginManager: Mounting plugin OnlineSubsystemUtils
LogPluginManager: Mounting plugin LauncherChunkInstaller
LogPluginManager: Mounting plugin AndroidDeviceProfileSelector
LogPluginManager: Mounting plugin AndroidMoviePlayer
LogPluginManager: Mounting plugin AndroidPermission
LogPluginManager: Mounting plugin AppleImageUtils
LogPluginManager: Mounting plugin AppleMoviePlayer
LogPluginManager: Mounting plugin ArchVisCharacter
LogPluginManager: Mounting plugin AssetTags
LogPluginManager: Mounting plugin AudioCapture
LogPluginManager: Mounting plugin CableComponent
LogPluginManager: Mounting plugin CustomMeshComponent
LogPluginManager: Mounting plugin EditableMesh
LogPluginManager: Mounting plugin ExampleDeviceProfileSelector
LogPluginManager: Mounting plugin GoogleCloudMessaging
LogPluginManager: Mounting plugin IOSDeviceProfileSelector
LogPluginManager: Mounting plugin LinuxDeviceProfileSelector
LogPluginManager: Mounting plugin LocationServicesBPLibrary
LogPluginManager: Mounting plugin MobilePatchingUtils
LogPluginManager: Mounting plugin OculusVR
LogPluginManager: Mounting plugin PhysXVehicles
LogPluginManager: Mounting plugin PostSplashScreen
LogPluginManager: Mounting plugin ProceduralMeshComponent
LogPluginManager: Mounting plugin RuntimePhysXCooking
LogPluginManager: Mounting plugin SignificanceManager
LogPluginManager: Mounting plugin SteamShared
LogPluginManager: Mounting plugin SteamVR
LogPluginManager: Mounting plugin WebMMoviePlayer
LogPluginManager: Mounting plugin WindowsMoviePlayer
LogPluginManager: Mounting plugin ScreenshotTools
LogInit: Using libcurl 7.55.1-DEV
LogInit:  - built for x86_64-pc-win32
LogInit:  - supports SSL with OpenSSL/1.1.1
LogInit:  - supports HTTP deflate (compression) using libz 1.2.8
LogInit:  - other features:
LogInit:      CURL_VERSION_SSL
LogInit:      CURL_VERSION_LIBZ
LogInit:      CURL_VERSION_IPV6
LogInit:      CURL_VERSION_ASYNCHDNS
LogInit:      CURL_VERSION_LARGEFILE
LogInit:      CURL_VERSION_IDN
LogInit:  CurlRequestOptions (configurable via config and command line):
LogInit:  - bVerifyPeer = true  - Libcurl will verify peer certificate
LogInit:  - bUseHttpProxy = false  - Libcurl will NOT use HTTP proxy
LogInit:  - bDontReuseConnections = false  - Libcurl will reuse connections
LogInit:  - MaxHostConnections = 16  - Libcurl will limit the number of connections to a host
LogInit:  - LocalHostAddr = Default
LogInit:  - BufferSize = 65536
LogSteamShared: Display: Loading Steam SDK 1.46
LogSteamShared: Steam SDK Loaded!
LogOnline: OSS: Creating online subsystem instance for: Steam
LogOnline: STEAM: Steam User is subscribed 1
LogOnline: STEAM: [AppId: 480] Client API initialized 1
LogOnline: STEAM: [AppId: 480] Game Server API initialized 1
LogOnline: STEAM: Initializing SteamNetworking Layer
LogOnline: STEAM: Missing P2PCleanupTimeout key in OnlineSubsystemSteam of DefaultEngine.ini, using default
LogInit: WinSock: version 1.1 (2.2), MaxSocks=32767, MaxUdp=65467
LogOnline: OSS: TryLoadSubsystemAndSetDefault: Loaded subsystem for module [Steam]
LogInit: Build: ++UE4+Release-4.24-CL-10757647
LogInit: Engine Version: 4.24.1-10757647+++UE4+Release-4.24
LogInit: Compatible Engine Version: 4.24.0-10570792+++UE4+Release-4.24
LogInit: Net CL: 10570792
LogInit: OS: Windows 10 (Release 1903) (), CPU:         Intel(R) Core(TM) i5-3470 CPU @ 3.20GHz, GPU: AMD Radeon HD 7800 Series
LogInit: Compiled (64-bit): Dec 17 2019 02:08:03
LogInit: Compiled with Visual C++: 19.16.27032.01
LogInit: Build Configuration: Development
LogInit: Branch Name: ++UE4+Release-4.24
LogInit: Command Line:  /Game/Maps/MainMenu -game -PIEVIACONSOLE -ResX=1280 -ResY=720 -Multiprocess -messaging -SessionName="Play in Standalone Game" -windowed
LogInit: Base Directory: C:/Program Files/Epic Games/UE_4.24/Engine/Binaries/Win64/
LogInit: Installed Engine Build: 1
LogDevObjectVersion: Number of dev versions registered: 25
LogDevObjectVersion:   Dev-Blueprints (B0D832E4-1F89-4F0D-ACCF-7EB736FD4AA2): 10
LogDevObjectVersion:   Dev-Build (E1C64328-A22C-4D53-A36C-8E866417BD8C): 0
LogDevObjectVersion:   Dev-Core (375EC13C-06E4-48FB-B500-84F0262A717E): 3
LogDevObjectVersion:   Dev-Editor (E4B068ED-F494-42E9-A231-DA0B2E46BB41): 37
LogDevObjectVersion:   Dev-Framework (CFFC743F-43B0-4480-9391-14DF171D2073): 36
LogDevObjectVersion:   Dev-Mobile (B02B49B5-BB20-44E9-A304-32B752E40360): 2
LogDevObjectVersion:   Dev-Networking (A4E4105C-59A1-49B5-A7C5-40C4547EDFEE): 0
LogDevObjectVersion:   Dev-Online (39C831C9-5AE6-47DC-9A44-9C173E1C8E7C): 0
LogDevObjectVersion:   Dev-Physics (78F01B33-EBEA-4F98-B9B4-84EACCB95AA2): 2
LogDevObjectVersion:   Dev-Platform (6631380F-2D4D-43E0-8009-CF276956A95A): 0
LogDevObjectVersion:   Dev-Rendering (12F88B9F-8875-4AFC-A67C-D90C383ABD29): 36
LogDevObjectVersion:   Dev-Sequencer (7B5AE74C-D270-4C10-A958-57980B212A5A): 11
LogDevObjectVersion:   Dev-VR (D7296918-1DD6-4BDD-9DE2-64A83CC13884): 2
LogDevObjectVersion:   Dev-LoadTimes (C2A15278-BFE7-4AFE-6C17-90FF531DF755): 1
LogDevObjectVersion:   Private-Geometry (6EACA3D4-40EC-4CC1-B786-8BED09428FC5): 3
LogDevObjectVersion:   Dev-AnimPhys (29E575DD-E0A3-4627-9D10-D276232CDCEA): 17
LogDevObjectVersion:   Dev-Anim (AF43A65D-7FD3-4947-9873-3E8ED9C1BB05): 2
LogDevObjectVersion:   Dev-ReflectionCapture (6B266CEC-1EC7-4B8F-A30B-E4D90942FC07): 1
LogDevObjectVersion:   Dev-Automation (0DF73D61-A23F-47EA-B727-89E90C41499A): 1
LogDevObjectVersion:   FortniteMain (601D1886-AC64-4F84-AA16-D3DE0DEAC7D6): 31
LogDevObjectVersion:   Dev-Enterprise (9DFFBCD6-494F-0158-E221-12823C92A888): 8
LogDevObjectVersion:   Dev-Niagara (F2AED0AC-9AFE-416F-8664-AA7FFA26D6FC): 1
LogDevObjectVersion:   Dev-Destruction (174F1F0B-B4C6-45A5-B13F-2EE8D0FB917D): 9
LogDevObjectVersion:   Dev-Physics-Ext (35F94A83-E258-406C-A318-09F59610247C): 8
LogDevObjectVersion:   Dev-CineCamera (B2E18506-4273-CFC2-A54E-F4BB758BBA07): 1
LogInit: Presizing for max 25165824 objects, including 0 objects not considered by GC, pre-allocating 0 bytes for permanent pool.
LogInit: Object subsystem initialized
LogConfig: Setting CVar [[con.DebugEarlyDefault:1]]
LogConfig: Setting CVar [[r.setres:1280x720]]
[2019.12.31-07.23.52:509][  0]LogConfig: Setting CVar [[con.DebugEarlyDefault:1]]
[2019.12.31-07.23.52:509][  0]LogConfig: Setting CVar [[r.setres:1280x720]]
[2019.12.31-07.23.52:509][  0]LogConfig: Applying CVar settings from Section [/Script/Engine.RendererSettings] File [//ODENMAIN/Unreal Projects/Meltdown 4.24/Saved/Config/Windows/Engine.ini]
[2019.12.31-07.23.52:509][  0]LogConfig: Setting CVar [[r.GPUCrashDebugging:0]]
[2019.12.31-07.23.52:509][  0]LogConfig: Setting CVar [[r.MobileHDR:1]]
[2019.12.31-07.23.52:509][  0]LogConfig: Setting CVar [[r.Mobile.DisableVertexFog:1]]
[2019.12.31-07.23.52:509][  0]LogConfig: Setting CVar [[r.Shadow.CSM.MaxMobileCascades:2]]
[2019.12.31-07.23.52:509][  0]LogConfig: Setting CVar [[r.MobileMSAA:1]]
[2019.12.31-07.23.52:509][  0]LogConfig: Setting CVar [[r.Mobile.UseLegacyShadingModel:0]]
[2019.12.31-07.23.52:509][  0]LogConfig: Setting CVar [[r.Mobile.UseHWsRGBEncoding:0]]
[2019.12.31-07.23.52:509][  0]LogConfig: Setting CVar [[r.Mobile.AllowDitheredLODTransition:0]]
[2019.12.31-07.23.52:509][  0]LogConfig: Setting CVar [[r.Mobile.AllowSoftwareOcclusion:0]]
[2019.12.31-07.23.52:509][  0]LogConfig: Setting CVar [[r.DiscardUnusedQuality:0]]
[2019.12.31-07.23.52:509][  0]LogConfig: Setting CVar [[r.AllowOcclusionQueries:1]]
[2019.12.31-07.23.52:509][  0]LogConfig: Setting CVar [[r.MinScreenRadiusForLights:0.030000]]
[2019.12.31-07.23.52:510][  0]LogConfig: Setting CVar [[r.MinScreenRadiusForDepthPrepass:0.030000]]
[2019.12.31-07.23.52:510][  0]LogConfig: Setting CVar [[r.MinScreenRadiusForCSMDepth:0.010000]]
[2019.12.31-07.23.52:510][  0]LogConfig: Setting CVar [[r.PrecomputedVisibilityWarning:0]]
[2019.12.31-07.23.52:510][  0]LogConfig: Setting CVar [[r.TextureStreaming:1]]
[2019.12.31-07.23.52:510][  0]LogConfig: Setting CVar [[Compat.UseDXT5NormalMaps:0]]
[2019.12.31-07.23.52:510][  0]LogConfig: Setting CVar [[r.ClearCoatNormal:0]]
[2019.12.31-07.23.52:510][  0]LogConfig: Setting CVar [[r.ReflectionCaptureResolution:128]]
[2019.12.31-07.23.52:510][  0]LogConfig: Setting CVar [[r.ReflectionEnvironmentLightmapMixBasedOnRoughness:1]]
[2019.12.31-07.23.52:510][  0]LogConfig: Setting CVar [[r.ForwardShading:0]]
[2019.12.31-07.23.52:510][  0]LogConfig: Setting CVar [[r.VertexFoggingForOpaque:1]]
[2019.12.31-07.23.52:510][  0]LogConfig: Setting CVar [[r.AllowStaticLighting:1]]
[2019.12.31-07.23.52:510][  0]LogConfig: Setting CVar [[r.NormalMapsForStaticLighting:0]]
[2019.12.31-07.23.52:510][  0]LogConfig: Setting CVar [[r.GenerateMeshDistanceFields:0]]
[2019.12.31-07.23.52:510][  0]LogConfig: Setting CVar [[r.DistanceFieldBuild.EightBit:0]]
[2019.12.31-07.23.52:510][  0]LogConfig: Setting CVar [[r.GenerateLandscapeGIData:0]]
[2019.12.31-07.23.52:510][  0]LogConfig: Setting CVar [[r.DistanceFieldBuild.Compress:0]]
[2019.12.31-07.23.52:510][  0]LogConfig: Setting CVar [[r.TessellationAdaptivePixelsPerTriangle:48.000000]]
[2019.12.31-07.23.52:510][  0]LogConfig: Setting CVar [[r.SeparateTranslucency:1]]
[2019.12.31-07.23.52:510][  0]LogConfig: Setting CVar [[r.TranslucentSortPolicy:0]]
[2019.12.31-07.23.52:510][  0]LogConfig: Setting CVar [[r.CustomDepth:1]]
[2019.12.31-07.23.52:510][  0]LogConfig: Setting CVar [[r.CustomDepthTemporalAAJitter:1]]
[2019.12.31-07.23.52:510][  0]LogConfig: Setting CVar [[r.PostProcessing.PropagateAlpha:0]]
[2019.12.31-07.23.52:510][  0]LogConfig: Setting CVar [[r.DefaultFeature.Bloom:1]]
[2019.12.31-07.23.52:510][  0]LogConfig: Setting CVar [[r.DefaultFeature.AmbientOcclusion:1]]
[2019.12.31-07.23.52:510][  0]LogConfig: Setting CVar [[r.DefaultFeature.AmbientOcclusionStaticFraction:1]]
[2019.12.31-07.23.52:510][  0]LogConfig: Setting CVar [[r.DefaultFeature.AutoExposure:1]]
[2019.12.31-07.23.52:510][  0]LogConfig: Setting CVar [[r.DefaultFeature.AutoExposure.Method:0]]
[2019.12.31-07.23.52:510][  0]LogConfig: Setting CVar [[r.DefaultFeature.AutoExposure.ExtendDefaultLuminanceRange:0]]
[2019.12.31-07.23.52:510][  0]LogConfig: Setting CVar [[r.UsePreExposure:0]]
[2019.12.31-07.23.52:510][  0]LogConfig: Setting CVar [[r.DefaultFeature.MotionBlur:1]]
[2019.12.31-07.23.52:510][  0]LogConfig: Setting CVar [[r.DefaultFeature.LensFlare:0]]
[2019.12.31-07.23.52:510][  0]LogConfig: Setting CVar [[r.TemporalAA.Upsampling:0]]
[2019.12.31-07.23.52:510][  0]LogConfig: Setting CVar [[r.DefaultFeature.AntiAliasing:2]]
[2019.12.31-07.23.52:510][  0]LogConfig: Setting CVar [[r.DefaultFeature.LightUnits:1]]
[2019.12.31-07.23.52:510][  0]LogConfig: Setting CVar [[r.DefaultBackBufferPixelFormat:4]]
[2019.12.31-07.23.52:510][  0]LogConfig: Setting CVar [[r.Shadow.UnbuiltPreviewInGame:1]]
[2019.12.31-07.23.52:510][  0]LogConfig: Setting CVar [[r.StencilForLODDither:0]]
[2019.12.31-07.23.52:510][  0]LogConfig: Setting CVar [[r.EarlyZPass:3]]
[2019.12.31-07.23.52:510][  0]LogConfig: Setting CVar [[r.EarlyZPassOnlyMaterialMasking:0]]
[2019.12.31-07.23.52:510][  0]LogConfig: Setting CVar [[r.DBuffer:1]]
[2019.12.31-07.23.52:510][  0]LogConfig: Setting CVar [[r.ClearSceneMethod:1]]
[2019.12.31-07.23.52:510][  0]LogConfig: Setting CVar [[r.BasePassOutputsVelocity:0]]
[2019.12.31-07.23.52:510][  0]LogConfig: Setting CVar [[r.SelectiveBasePassOutputs:0]]
[2019.12.31-07.23.52:510][  0]LogConfig: Setting CVar [[fx.GPUSimulationTextureSizeX:1024]]
[2019.12.31-07.23.52:510][  0]LogConfig: Setting CVar [[fx.GPUSimulationTextureSizeY:1024]]
[2019.12.31-07.23.52:510][  0]LogConfig: Setting CVar [[r.AllowGlobalClipPlane:0]]
[2019.12.31-07.23.52:510][  0]LogConfig: Setting CVar [[r.GBufferFormat:1]]
[2019.12.31-07.23.52:510][  0]LogConfig: Setting CVar [[r.MorphTarget.Mode:1]]
[2019.12.31-07.23.52:510][  0]LogConfig: Setting CVar [[vr.InstancedStereo:0]]
[2019.12.31-07.23.52:510][  0]LogConfig: Setting CVar [[vr.MultiView:0]]
[2019.12.31-07.23.52:510][  0]LogConfig: Setting CVar [[vr.MobileMultiView:0]]
[2019.12.31-07.23.52:510][  0]LogConfig: Setting CVar [[vr.MobileMultiView.Direct:0]]
[2019.12.31-07.23.52:510][  0]LogConfig: Setting CVar [[vr.RoundRobinOcclusion:0]]
[2019.12.31-07.23.52:510][  0]LogConfig: Setting CVar [[vr.ODSCapture:0]]
[2019.12.31-07.23.52:511][  0]LogConfig: Setting CVar [[r.WireframeCullThreshold:5.000000]]
[2019.12.31-07.23.52:511][  0]LogConfig: Setting CVar [[r.RayTracing:0]]
[2019.12.31-07.23.52:511][  0]LogConfig: Setting CVar [[r.SupportStationarySkylight:1]]
[2019.12.31-07.23.52:511][  0]LogConfig: Setting CVar [[r.SupportLowQualityLightmaps:1]]
[2019.12.31-07.23.52:511][  0]LogConfig: Setting CVar [[r.SupportPointLightWholeSceneShadows:1]]
[2019.12.31-07.23.52:511][  0]LogConfig: Setting CVar [[r.SupportAtmosphericFog:1]]
[2019.12.31-07.23.52:511][  0]LogConfig: Setting CVar [[r.SkinCache.CompileShaders:0]]
[2019.12.31-07.23.52:511][  0]LogConfig: Setting CVar [[r.Mobile.EnableStaticAndCSMShadowReceivers:1]]
[2019.12.31-07.23.52:511][  0]LogConfig: Setting CVar [[r.Mobile.EnableMovableLightCSMShaderCulling:1]]
[2019.12.31-07.23.52:511][  0]LogConfig: Setting CVar [[r.Mobile.AllowDistanceFieldShadows:1]]
[2019.12.31-07.23.52:511][  0]LogConfig: Setting CVar [[r.Mobile.AllowMovableDirectionalLights:1]]
[2019.12.31-07.23.52:511][  0]LogConfig: Setting CVar [[r.MobileNumDynamicPointLights:4]]
[2019.12.31-07.23.52:511][  0]LogConfig: Setting CVar [[r.MobileDynamicPointLightsUseStaticBranch:1]]
[2019.12.31-07.23.52:511][  0]LogConfig: Setting CVar [[r.Mobile.EnableMovableSpotlights:0]]
[2019.12.31-07.23.52:511][  0]LogConfig: Setting CVar [[r.SkinCache.SceneMemoryLimitInMB:128.000000]]
[2019.12.31-07.23.52:511][  0]LogConfig: Setting CVar [[r.GPUSkin.Limit2BoneInfluences:0]]
[2019.12.31-07.23.52:511][  0]LogConfig: Setting CVar [[r.SupportDepthOnlyIndexBuffers:1]]
[2019.12.31-07.23.52:511][  0]LogConfig: Setting CVar [[r.SupportReversedIndexBuffers:1]]
[2019.12.31-07.23.52:511][  0]LogConfig: Setting CVar [[r.SupportMaterialLayers:0]]
[2019.12.31-07.23.52:511][  0]LogConfig: Applying CVar settings from Section [/Script/Engine.RendererOverrideSettings] File [//ODENMAIN/Unreal Projects/Meltdown 4.24/Saved/Config/Windows/Engine.ini]
[2019.12.31-07.23.52:511][  0]LogConfig: Applying CVar settings from Section [/Script/Engine.StreamingSettings] File [//ODENMAIN/Unreal Projects/Meltdown 4.24/Saved/Config/Windows/Engine.ini]
[2019.12.31-07.23.52:511][  0]LogConfig: Setting CVar [[s.MinBulkDataSizeForAsyncLoading:131072]]
[2019.12.31-07.23.52:511][  0]LogConfig: Setting CVar [[s.AsyncLoadingThreadEnabled:0]]
[2019.12.31-07.23.52:511][  0]LogConfig: Setting CVar [[s.EventDrivenLoaderEnabled:1]]
[2019.12.31-07.23.52:511][  0]LogConfig: Setting CVar [[s.WarnIfTimeLimitExceeded:0]]
[2019.12.31-07.23.52:511][  0]LogConfig: Setting CVar [[s.TimeLimitExceededMultiplier:1.5]]
[2019.12.31-07.23.52:511][  0]LogConfig: Setting CVar [[s.TimeLimitExceededMinTime:0.005]]
[2019.12.31-07.23.52:511][  0]LogConfig: Setting CVar [[s.UseBackgroundLevelStreaming:1]]
[2019.12.31-07.23.52:511][  0]LogConfig: Setting CVar [[s.PriorityAsyncLoadingExtraTime:15.0]]
[2019.12.31-07.23.52:511][  0]LogConfig: Setting CVar [[s.LevelStreamingActorsUpdateTimeLimit:5.0]]
[2019.12.31-07.23.52:511][  0]LogConfig: Setting CVar [[s.PriorityLevelStreamingActorsUpdateExtraTime:5.0]]
[2019.12.31-07.23.52:511][  0]LogConfig: Setting CVar [[s.LevelStreamingComponentsRegistrationGranularity:10]]
[2019.12.31-07.23.52:511][  0]LogConfig: Setting CVar [[s.UnregisterComponentsTimeLimit:1.0]]
[2019.12.31-07.23.52:511][  0]LogConfig: Setting CVar [[s.LevelStreamingComponentsUnregistrationGranularity:5]]
[2019.12.31-07.23.52:511][  0]LogConfig: Setting CVar [[s.FlushStreamingOnExit:1]]
[2019.12.31-07.23.52:511][  0]LogConfig: Applying CVar settings from Section [/Script/Engine.GarbageCollectionSettings] File [//ODENMAIN/Unreal Projects/Meltdown 4.24/Saved/Config/Windows/Engine.ini]
[2019.12.31-07.23.52:511][  0]LogConfig: Setting CVar [[gc.MaxObjectsNotConsideredByGC:1]]
[2019.12.31-07.23.52:511][  0]LogConfig: Setting CVar [[gc.SizeOfPermanentObjectPool:0]]
[2019.12.31-07.23.52:511][  0]LogConfig: Setting CVar [[gc.FlushStreamingOnGC:0]]
[2019.12.31-07.23.52:511][  0]LogConfig: Setting CVar [[gc.NumRetriesBeforeForcingGC:10]]
[2019.12.31-07.23.52:511][  0]LogConfig: Setting CVar [[gc.AllowParallelGC:1]]
[2019.12.31-07.23.52:511][  0]LogConfig: Setting CVar [[gc.TimeBetweenPurgingPendingKillObjects:61.1]]
[2019.12.31-07.23.52:511][  0]LogConfig: Setting CVar [[gc.MaxObjectsInEditor:25165824]]
[2019.12.31-07.23.52:511][  0]LogConfig: Setting CVar [[gc.IncrementalBeginDestroyEnabled:1]]
[2019.12.31-07.23.52:511][  0]LogConfig: Setting CVar [[gc.CreateGCClusters:1]]
[2019.12.31-07.23.52:511][  0]LogConfig: Setting CVar [[gc.MinGCClusterSize:5]]
[2019.12.31-07.23.52:511][  0]LogConfig: Setting CVar [[gc.ActorClusteringEnabled:0]]
[2019.12.31-07.23.52:511][  0]LogConfig: Setting CVar [[gc.BlueprintClusteringEnabled:0]]
[2019.12.31-07.23.52:511][  0]LogConfig: Setting CVar [[gc.UseDisregardForGCOnDedicatedServers:0]]
[2019.12.31-07.23.52:511][  0]LogConfig: Applying CVar settings from Section [/Script/Engine.NetworkSettings] File [//ODENMAIN/Unreal Projects/Meltdown 4.24/Saved/Config/Windows/Engine.ini]
[2019.12.31-07.23.52:511][  0]LogConfig: Applying CVar settings from Section [/Script/UnrealEd.CookerSettings] File [//ODENMAIN/Unreal Projects/Meltdown 4.24/Saved/Config/Windows/Engine.ini]
[2019.12.31-07.23.52:514][  0]LogConfig: Applying CVar settings from Section [ViewDistanceQuality@3] File [//ODENMAIN/Unreal Projects/Meltdown 4.24/Saved/Config/Windows/Scalability.ini]
[2019.12.31-07.23.52:515][  0]LogConfig: Setting CVar [[r.SkeletalMeshLODBias:0]]
[2019.12.31-07.23.52:515][  0]LogConfig: Setting CVar [[r.ViewDistanceScale:1.0]]
[2019.12.31-07.23.52:515][  0]LogConfig: Applying CVar settings from Section [AntiAliasingQuality@3] File [//ODENMAIN/Unreal Projects/Meltdown 4.24/Saved/Config/Windows/Scalability.ini]
[2019.12.31-07.23.52:515][  0]LogConfig: Setting CVar [[r.PostProcessAAQuality:4]]
[2019.12.31-07.23.52:515][  0]LogConfig: Applying CVar settings from Section [ShadowQuality@3] File [//ODENMAIN/Unreal Projects/Meltdown 4.24/Saved/Config/Windows/Scalability.ini]
[2019.12.31-07.23.52:515][  0]LogConfig: Setting CVar [[r.LightFunctionQuality:1]]
[2019.12.31-07.23.52:515][  0]LogConfig: Setting CVar [[r.ShadowQuality:5]]
[2019.12.31-07.23.52:515][  0]LogConfig: Setting CVar [[r.Shadow.CSM.MaxCascades:10]]
[2019.12.31-07.23.52:515][  0]LogConfig: Setting CVar [[r.Shadow.MaxResolution:2048]]
[2019.12.31-07.23.52:515][  0]LogConfig: Setting CVar [[r.Shadow.MaxCSMResolution:2048]]
[2019.12.31-07.23.52:515][  0]LogConfig: Setting CVar [[r.Shadow.RadiusThreshold:0.01]]
[2019.12.31-07.23.52:515][  0]LogConfig: Setting CVar [[r.Shadow.DistanceScale:1.0]]
[2019.12.31-07.23.52:515][  0]LogConfig: Setting CVar [[r.Shadow.CSM.TransitionScale:1.0]]
[2019.12.31-07.23.52:515][  0]LogConfig: Setting CVar [[r.Shadow.PreShadowResolutionFactor:1.0]]
[2019.12.31-07.23.52:515][  0]LogConfig: Setting CVar [[r.DistanceFieldShadowing:1]]
[2019.12.31-07.23.52:515][  0]LogConfig: Setting CVar [[r.DistanceFieldAO:1]]
[2019.12.31-07.23.52:515][  0]LogConfig: Setting CVar [[r.AOQuality:2]]
[2019.12.31-07.23.52:515][  0]LogConfig: Setting CVar [[r.VolumetricFog:1]]
[2019.12.31-07.23.52:515][  0]LogConfig: Setting CVar [[r.VolumetricFog.GridPixelSize:8]]
[2019.12.31-07.23.52:515][  0]LogConfig: Setting CVar [[r.VolumetricFog.GridSizeZ:128]]
[2019.12.31-07.23.52:515][  0]LogConfig: Setting CVar [[r.VolumetricFog.HistoryMissSupersampleCount:4]]
[2019.12.31-07.23.52:515][  0]LogConfig: Setting CVar [[r.LightMaxDrawDistanceScale:1]]
[2019.12.31-07.23.52:515][  0]LogConfig: Setting CVar [[r.CapsuleShadows:1]]
[2019.12.31-07.23.52:515][  0]LogConfig: Applying CVar settings from Section [PostProcessQuality@3] File [//ODENMAIN/Unreal Projects/Meltdown 4.24/Saved/Config/Windows/Scalability.ini]
[2019.12.31-07.23.52:515][  0]LogConfig: Setting CVar [[r.MotionBlurQuality:4]]
[2019.12.31-07.23.52:515][  0]LogConfig: Setting CVar [[r.AmbientOcclusionMipLevelFactor:0.4]]
[2019.12.31-07.23.52:515][  0]LogConfig: Setting CVar [[r.AmbientOcclusionMaxQuality:100]]
[2019.12.31-07.23.52:515][  0]LogConfig: Setting CVar [[r.AmbientOcclusionLevels:-1]]
[2019.12.31-07.23.52:515][  0]LogConfig: Setting CVar [[r.AmbientOcclusionRadiusScale:1.0]]
[2019.12.31-07.23.52:515][  0]LogConfig: Setting CVar [[r.DepthOfFieldQuality:2]]
[2019.12.31-07.23.52:515][  0]LogConfig: Setting CVar [[r.RenderTargetPoolMin:400]]
[2019.12.31-07.23.52:515][  0]LogConfig: Setting CVar [[r.LensFlareQuality:2]]
[2019.12.31-07.23.52:515][  0]LogConfig: Setting CVar [[r.SceneColorFringeQuality:1]]
[2019.12.31-07.23.52:515][  0]LogConfig: Setting CVar [[r.EyeAdaptationQuality:2]]
[2019.12.31-07.23.52:515][  0]LogConfig: Setting CVar [[r.BloomQuality:5]]
[2019.12.31-07.23.52:515][  0]LogConfig: Setting CVar [[r.FastBlurThreshold:100]]
[2019.12.31-07.23.52:515][  0]LogConfig: Setting CVar [[r.Upscale.Quality:3]]
[2019.12.31-07.23.52:515][  0]LogConfig: Setting CVar [[r.Tonemapper.GrainQuantization:1]]
[2019.12.31-07.23.52:515][  0]LogConfig: Setting CVar [[r.LightShaftQuality:1]]
[2019.12.31-07.23.52:515][  0]LogConfig: Setting CVar [[r.Filter.SizeScale:1]]
[2019.12.31-07.23.52:515][  0]LogConfig: Setting CVar [[r.Tonemapper.Quality:5]]
[2019.12.31-07.23.52:515][  0]LogConfig: Setting CVar [[r.DOF.Gather.AccumulatorQuality:1        ; higher gathering accumulator quality]]
[2019.12.31-07.23.52:515][  0]LogConfig: Setting CVar [[r.DOF.Gather.PostfilterMethod:1          ; Median3x3 postfilering method]]
[2019.12.31-07.23.52:515][  0]LogConfig: Setting CVar [[r.DOF.Gather.EnableBokehSettings:0       ; no bokeh simulation when gathering]]
[2019.12.31-07.23.52:515][  0]LogConfig: Setting CVar [[r.DOF.Gather.RingCount:4                 ; medium number of samples when gathering]]
[2019.12.31-07.23.52:515][  0]LogConfig: Setting CVar [[r.DOF.Scatter.ForegroundCompositing:1    ; additive foreground scattering]]
[2019.12.31-07.23.52:515][  0]LogConfig: Setting CVar [[r.DOF.Scatter.BackgroundCompositing:2    ; additive background scattering]]
[2019.12.31-07.23.52:515][  0]LogConfig: Setting CVar [[r.DOF.Scatter.EnableBokehSettings:1      ; bokeh simulation when scattering]]
[2019.12.31-07.23.52:515][  0]LogConfig: Setting CVar [[r.DOF.Scatter.MaxSpriteRatio:0.1         ; only a maximum of 10% of scattered bokeh]]
[2019.12.31-07.23.52:515][  0]LogConfig: Setting CVar [[r.DOF.Recombine.Quality:1                ; cheap slight out of focus]]
[2019.12.31-07.23.52:515][  0]LogConfig: Setting CVar [[r.DOF.Recombine.EnableBokehSettings:0    ; no bokeh simulation on slight out of focus]]
[2019.12.31-07.23.52:515][  0]LogConfig: Setting CVar [[r.DOF.TemporalAAQuality:1                ; more stable temporal accumulation]]
[2019.12.31-07.23.52:515][  0]LogConfig: Setting CVar [[r.DOF.Kernel.MaxForegroundRadius:0.025]]
[2019.12.31-07.23.52:515][  0]LogConfig: Setting CVar [[r.DOF.Kernel.MaxBackgroundRadius:0.025]]
[2019.12.31-07.23.52:515][  0]LogConfig: Applying CVar settings from Section [TextureQuality@3] File [//ODENMAIN/Unreal Projects/Meltdown 4.24/Saved/Config/Windows/Scalability.ini]
[2019.12.31-07.23.52:515][  0]LogConfig: Setting CVar [[r.Streaming.MipBias:0]]
[2019.12.31-07.23.52:515][  0]LogConfig: Setting CVar [[r.Streaming.AmortizeCPUToGPUCopy:0]]
[2019.12.31-07.23.52:516][  0]LogConfig: Setting CVar [[r.Streaming.MaxNumTexturesToStreamPerFrame:0]]
[2019.12.31-07.23.52:516][  0]LogConfig: Setting CVar [[r.Streaming.Boost:1]]
[2019.12.31-07.23.52:516][  0]LogConfig: Setting CVar [[r.MaxAnisotropy:8]]
[2019.12.31-07.23.52:516][  0]LogConfig: Setting CVar [[r.VT.MaxAnisotropy:8]]
[2019.12.31-07.23.52:516][  0]LogConfig: Setting CVar [[r.Streaming.LimitPoolSizeToVRAM:0]]
[2019.12.31-07.23.52:516][  0]LogConfig: Setting CVar [[r.Streaming.PoolSize:1000]]
[2019.12.31-07.23.52:516][  0]LogConfig: Setting CVar [[r.Streaming.MaxEffectiveScreenSize:0]]
[2019.12.31-07.23.52:516][  0]LogConfig: Applying CVar settings from Section [EffectsQuality@3] File [//ODENMAIN/Unreal Projects/Meltdown 4.24/Saved/Config/Windows/Scalability.ini]
[2019.12.31-07.23.52:516][  0]LogConfig: Setting CVar [[r.TranslucencyLightingVolumeDim:64]]
[2019.12.31-07.23.52:516][  0]LogConfig: Setting CVar [[r.RefractionQuality:2]]
[2019.12.31-07.23.52:516][  0]LogConfig: Setting CVar [[r.SSR.Quality:3]]
[2019.12.31-07.23.52:516][  0]LogConfig: Setting CVar [[r.SSR.HalfResSceneColor:0]]
[2019.12.31-07.23.52:516][  0]LogConfig: Setting CVar [[r.SceneColorFormat:4]]
[2019.12.31-07.23.52:516][  0]LogConfig: Setting CVar [[r.DetailMode:2]]
[2019.12.31-07.23.52:516][  0]LogConfig: Setting CVar [[r.TranslucencyVolumeBlur:1]]
[2019.12.31-07.23.52:516][  0]LogConfig: Setting CVar [[r.MaterialQualityLevel:1 ; High quality]]
[2019.12.31-07.23.52:516][  0]LogConfig: Setting CVar [[r.SSS.Scale:1]]
[2019.12.31-07.23.52:516][  0]LogConfig: Setting CVar [[r.SSS.SampleSet:2]]
[2019.12.31-07.23.52:516][  0]LogConfig: Setting CVar [[r.SSS.Quality:1]]
[2019.12.31-07.23.52:516][  0]LogConfig: Setting CVar [[r.SSS.HalfRes:1]]
[2019.12.31-07.23.52:516][  0]LogConfig: Setting CVar [[r.SSGI.Quality:3]]
[2019.12.31-07.23.52:516][  0]LogConfig: Setting CVar [[r.EmitterSpawnRateScale:1.0]]
[2019.12.31-07.23.52:516][  0]LogConfig: Setting CVar [[r.ParticleLightQuality:2]]
[2019.12.31-07.23.52:516][  0]LogConfig: Setting CVar [[r.SkyAtmosphere.AerialPerspectiveLUT.FastApplyOnOpaque:1 ; Always have FastSkyLUT 1 in this case to avoid wrong sky]]
[2019.12.31-07.23.52:516][  0]LogConfig: Setting CVar [[r.SkyAtmosphere.AerialPerspectiveLUT.SampleCountPerSlice:1]]
[2019.12.31-07.23.52:516][  0]LogConfig: Setting CVar [[r.SkyAtmosphere.AerialPerspectiveLUT.DepthResolution:16.0]]
[2019.12.31-07.23.52:516][  0]LogConfig: Setting CVar [[r.SkyAtmosphere.FastSkyLUT:1]]
[2019.12.31-07.23.52:516][  0]LogConfig: Setting CVar [[r.SkyAtmosphere.FastSkyLUT.SampleCountMin:4.0]]
[2019.12.31-07.23.52:516][  0]LogConfig: Setting CVar [[r.SkyAtmosphere.FastSkyLUT.SampleCountMax:32.0]]
[2019.12.31-07.23.52:516][  0]LogConfig: Setting CVar [[r.SkyAtmosphere.SampleCountMin:4.0]]
[2019.12.31-07.23.52:516][  0]LogConfig: Setting CVar [[r.SkyAtmosphere.SampleCountMax:32.0]]
[2019.12.31-07.23.52:516][  0]LogConfig: Setting CVar [[r.SkyAtmosphere.TransmittanceLUT.UseSmallFormat:0]]
[2019.12.31-07.23.52:516][  0]LogConfig: Setting CVar [[r.SkyAtmosphere.TransmittanceLUT.SampleCount:10.0]]
[2019.12.31-07.23.52:516][  0]LogConfig: Setting CVar [[r.SkyAtmosphere.MultiScatteringLUT.SampleCount:15.0]]
[2019.12.31-07.23.52:516][  0]LogConfig: Applying CVar settings from Section [FoliageQuality@3] File [//ODENMAIN/Unreal Projects/Meltdown 4.24/Saved/Config/Windows/Scalability.ini]
[2019.12.31-07.23.52:516][  0]LogConfig: Setting CVar [[foliage.DensityScale:1.0]]
[2019.12.31-07.23.52:516][  0]LogConfig: Setting CVar [[grass.DensityScale:1.0]]
[2019.12.31-07.23.52:516][  0]LogConfig: Applying CVar settings from Section [ShadingQuality@3] File [//ODENMAIN/Unreal Projects/Meltdown 4.24/Saved/Config/Windows/Scalability.ini]
[2019.12.31-07.23.52:516][  0]LogConfig: Setting CVar [[r.HairStrands.SkyLighting.SampleCount:16]]
[2019.12.31-07.23.52:516][  0]LogConfig: Setting CVar [[r.HairStrands.SkyLighting.JitterIntegration:0]]
[2019.12.31-07.23.52:516][  0]LogConfig: Setting CVar [[r.HairStrands.SkyAO.SampleCount:16]]
[2019.12.31-07.23.52:516][  0]LogInit: Selected Device Profile: [Windows]
[2019.12.31-07.23.52:516][  0]LogInit: Applying CVar settings loaded from the selected device profile: [Windows]
[2019.12.31-07.23.52:527][  0]LogHAL: Display: Platform has ~ 16 GB [17126453248 / 17179869184 / 16], which maps to Larger [LargestMinGB=32, LargerMinGB=12, DefaultMinGB=8, SmallerMinGB=6, SmallestMinGB=0)
[2019.12.31-07.23.52:528][  0]LogInit: Going up to parent DeviceProfile []
[2019.12.31-07.23.52:528][  0]LogConfig: Applying CVar settings from Section [ViewDistanceQuality@3] File [//ODENMAIN/Unreal Projects/Meltdown 4.24/Saved/Config/Windows/Scalability.ini]
[2019.12.31-07.23.52:528][  0]LogConfig: Setting CVar [[r.SkeletalMeshLODBias:0]]
[2019.12.31-07.23.52:528][  0]LogConfig: Setting CVar [[r.ViewDistanceScale:1.0]]
[2019.12.31-07.23.52:528][  0]LogConfig: Applying CVar settings from Section [AntiAliasingQuality@3] File [//ODENMAIN/Unreal Projects/Meltdown 4.24/Saved/Config/Windows/Scalability.ini]
[2019.12.31-07.23.52:528][  0]LogConfig: Setting CVar [[r.PostProcessAAQuality:4]]
[2019.12.31-07.23.52:528][  0]LogConfig: Applying CVar settings from Section [ShadowQuality@3] File [//ODENMAIN/Unreal Projects/Meltdown 4.24/Saved/Config/Windows/Scalability.ini]
[2019.12.31-07.23.52:528][  0]LogConfig: Setting CVar [[r.LightFunctionQuality:1]]
[2019.12.31-07.23.52:528][  0]LogConfig: Setting CVar [[r.ShadowQuality:5]]
[2019.12.31-07.23.52:528][  0]LogConfig: Setting CVar [[r.Shadow.CSM.MaxCascades:10]]
[2019.12.31-07.23.52:528][  0]LogConfig: Setting CVar [[r.Shadow.MaxResolution:2048]]
[2019.12.31-07.23.52:528][  0]LogConfig: Setting CVar [[r.Shadow.MaxCSMResolution:2048]]
[2019.12.31-07.23.52:528][  0]LogConfig: Setting CVar [[r.Shadow.RadiusThreshold:0.01]]
[2019.12.31-07.23.52:528][  0]LogConfig: Setting CVar [[r.Shadow.DistanceScale:1.0]]
[2019.12.31-07.23.52:528][  0]LogConfig: Setting CVar [[r.Shadow.CSM.TransitionScale:1.0]]
[2019.12.31-07.23.52:528][  0]LogConfig: Setting CVar [[r.Shadow.PreShadowResolutionFactor:1.0]]
[2019.12.31-07.23.52:528][  0]LogConfig: Setting CVar [[r.DistanceFieldShadowing:1]]
[2019.12.31-07.23.52:528][  0]LogConfig: Setting CVar [[r.DistanceFieldAO:1]]
[2019.12.31-07.23.52:528][  0]LogConfig: Setting CVar [[r.AOQuality:2]]
[2019.12.31-07.23.52:528][  0]LogConfig: Setting CVar [[r.VolumetricFog:1]]
[2019.12.31-07.23.52:528][  0]LogConfig: Setting CVar [[r.VolumetricFog.GridPixelSize:8]]
[2019.12.31-07.23.52:528][  0]LogConfig: Setting CVar [[r.VolumetricFog.GridSizeZ:128]]
[2019.12.31-07.23.52:528][  0]LogConfig: Setting CVar [[r.VolumetricFog.HistoryMissSupersampleCount:4]]
[2019.12.31-07.23.52:528][  0]LogConfig: Setting CVar [[r.LightMaxDrawDistanceScale:1]]
[2019.12.31-07.23.52:528][  0]LogConfig: Setting CVar [[r.CapsuleShadows:1]]
[2019.12.31-07.23.52:528][  0]LogConfig: Applying CVar settings from Section [PostProcessQuality@3] File [//ODENMAIN/Unreal Projects/Meltdown 4.24/Saved/Config/Windows/Scalability.ini]
[2019.12.31-07.23.52:528][  0]LogConfig: Setting CVar [[r.MotionBlurQuality:4]]
[2019.12.31-07.23.52:528][  0]LogConfig: Setting CVar [[r.AmbientOcclusionMipLevelFactor:0.4]]
[2019.12.31-07.23.52:528][  0]LogConfig: Setting CVar [[r.AmbientOcclusionMaxQuality:100]]
[2019.12.31-07.23.52:528][  0]LogConfig: Setting CVar [[r.AmbientOcclusionLevels:-1]]
[2019.12.31-07.23.52:528][  0]LogConfig: Setting CVar [[r.AmbientOcclusionRadiusScale:1.0]]
[2019.12.31-07.23.52:528][  0]LogConfig: Setting CVar [[r.DepthOfFieldQuality:2]]
[2019.12.31-07.23.52:528][  0]LogConfig: Setting CVar [[r.RenderTargetPoolMin:400]]
[2019.12.31-07.23.52:528][  0]LogConfig: Setting CVar [[r.LensFlareQuality:2]]
[2019.12.31-07.23.52:528][  0]LogConfig: Setting CVar [[r.SceneColorFringeQuality:1]]
[2019.12.31-07.23.52:528][  0]LogConfig: Setting CVar [[r.EyeAdaptationQuality:2]]
[2019.12.31-07.23.52:528][  0]LogConfig: Setting CVar [[r.BloomQuality:5]]
[2019.12.31-07.23.52:528][  0]LogConfig: Setting CVar [[r.FastBlurThreshold:100]]
[2019.12.31-07.23.52:528][  0]LogConfig: Setting CVar [[r.Upscale.Quality:3]]
[2019.12.31-07.23.52:528][  0]LogConfig: Setting CVar [[r.Tonemapper.GrainQuantization:1]]
[2019.12.31-07.23.52:528][  0]LogConfig: Setting CVar [[r.LightShaftQuality:1]]
[2019.12.31-07.23.52:528][  0]LogConfig: Setting CVar [[r.Filter.SizeScale:1]]
[2019.12.31-07.23.52:528][  0]LogConfig: Setting CVar [[r.Tonemapper.Quality:5]]
[2019.12.31-07.23.52:528][  0]LogConfig: Setting CVar [[r.DOF.Gather.AccumulatorQuality:1        ; higher gathering accumulator quality]]
[2019.12.31-07.23.52:528][  0]LogConfig: Setting CVar [[r.DOF.Gather.PostfilterMethod:1          ; Median3x3 postfilering method]]
[2019.12.31-07.23.52:528][  0]LogConfig: Setting CVar [[r.DOF.Gather.EnableBokehSettings:0       ; no bokeh simulation when gathering]]
[2019.12.31-07.23.52:528][  0]LogConfig: Setting CVar [[r.DOF.Gather.RingCount:4                 ; medium number of samples when gathering]]
[2019.12.31-07.23.52:528][  0]LogConfig: Setting CVar [[r.DOF.Scatter.ForegroundCompositing:1    ; additive foreground scattering]]
[2019.12.31-07.23.52:528][  0]LogConfig: Setting CVar [[r.DOF.Scatter.BackgroundCompositing:2    ; additive background scattering]]
[2019.12.31-07.23.52:528][  0]LogConfig: Setting CVar [[r.DOF.Scatter.EnableBokehSettings:1      ; bokeh simulation when scattering]]
[2019.12.31-07.23.52:529][  0]LogConfig: Setting CVar [[r.DOF.Scatter.MaxSpriteRatio:0.1         ; only a maximum of 10% of scattered bokeh]]
[2019.12.31-07.23.52:529][  0]LogConfig: Setting CVar [[r.DOF.Recombine.Quality:1                ; cheap slight out of focus]]
[2019.12.31-07.23.52:529][  0]LogConfig: Setting CVar [[r.DOF.Recombine.EnableBokehSettings:0    ; no bokeh simulation on slight out of focus]]
[2019.12.31-07.23.52:529][  0]LogConfig: Setting CVar [[r.DOF.TemporalAAQuality:1                ; more stable temporal accumulation]]
[2019.12.31-07.23.52:529][  0]LogConfig: Setting CVar [[r.DOF.Kernel.MaxForegroundRadius:0.025]]
[2019.12.31-07.23.52:529][  0]LogConfig: Setting CVar [[r.DOF.Kernel.MaxBackgroundRadius:0.025]]
[2019.12.31-07.23.52:529][  0]LogConfig: Applying CVar settings from Section [TextureQuality@3] File [//ODENMAIN/Unreal Projects/Meltdown 4.24/Saved/Config/Windows/Scalability.ini]
[2019.12.31-07.23.52:529][  0]LogConfig: Setting CVar [[r.Streaming.MipBias:0]]
[2019.12.31-07.23.52:529][  0]LogConfig: Setting CVar [[r.Streaming.AmortizeCPUToGPUCopy:0]]
[2019.12.31-07.23.52:529][  0]LogConfig: Setting CVar [[r.Streaming.MaxNumTexturesToStreamPerFrame:0]]
[2019.12.31-07.23.52:529][  0]LogConfig: Setting CVar [[r.Streaming.Boost:1]]
[2019.12.31-07.23.52:529][  0]LogConfig: Setting CVar [[r.MaxAnisotropy:8]]
[2019.12.31-07.23.52:529][  0]LogConfig: Setting CVar [[r.VT.MaxAnisotropy:8]]
[2019.12.31-07.23.52:529][  0]LogConfig: Setting CVar [[r.Streaming.LimitPoolSizeToVRAM:0]]
[2019.12.31-07.23.52:529][  0]LogConfig: Setting CVar [[r.Streaming.PoolSize:1000]]
[2019.12.31-07.23.52:529][  0]LogConfig: Setting CVar [[r.Streaming.MaxEffectiveScreenSize:0]]
[2019.12.31-07.23.52:529][  0]LogConfig: Applying CVar settings from Section [EffectsQuality@3] File [//ODENMAIN/Unreal Projects/Meltdown 4.24/Saved/Config/Windows/Scalability.ini]
[2019.12.31-07.23.52:529][  0]LogConfig: Setting CVar [[r.TranslucencyLightingVolumeDim:64]]
[2019.12.31-07.23.52:529][  0]LogConfig: Setting CVar [[r.RefractionQuality:2]]
[2019.12.31-07.23.52:529][  0]LogConfig: Setting CVar [[r.SSR.Quality:3]]
[2019.12.31-07.23.52:529][  0]LogConfig: Setting CVar [[r.SSR.HalfResSceneColor:0]]
[2019.12.31-07.23.52:529][  0]LogConfig: Setting CVar [[r.SceneColorFormat:4]]
[2019.12.31-07.23.52:529][  0]LogConfig: Setting CVar [[r.DetailMode:2]]
[2019.12.31-07.23.52:529][  0]LogConfig: Setting CVar [[r.TranslucencyVolumeBlur:1]]
[2019.12.31-07.23.52:529][  0]LogConfig: Setting CVar [[r.MaterialQualityLevel:1 ; High quality]]
[2019.12.31-07.23.52:529][  0]LogConfig: Setting CVar [[r.SSS.Scale:1]]
[2019.12.31-07.23.52:529][  0]LogConfig: Setting CVar [[r.SSS.SampleSet:2]]
[2019.12.31-07.23.52:529][  0]LogConfig: Setting CVar [[r.SSS.Quality:1]]
[2019.12.31-07.23.52:529][  0]LogConfig: Setting CVar [[r.SSS.HalfRes:1]]
[2019.12.31-07.23.52:529][  0]LogConfig: Setting CVar [[r.SSGI.Quality:3]]
[2019.12.31-07.23.52:529][  0]LogConfig: Setting CVar [[r.EmitterSpawnRateScale:1.0]]
[2019.12.31-07.23.52:529][  0]LogConfig: Setting CVar [[r.ParticleLightQuality:2]]
[2019.12.31-07.23.52:529][  0]LogConfig: Setting CVar [[r.SkyAtmosphere.AerialPerspectiveLUT.FastApplyOnOpaque:1 ; Always have FastSkyLUT 1 in this case to avoid wrong sky]]
[2019.12.31-07.23.52:529][  0]LogConfig: Setting CVar [[r.SkyAtmosphere.AerialPerspectiveLUT.SampleCountPerSlice:1]]
[2019.12.31-07.23.52:529][  0]LogConfig: Setting CVar [[r.SkyAtmosphere.AerialPerspectiveLUT.DepthResolution:16.0]]
[2019.12.31-07.23.52:529][  0]LogConfig: Setting CVar [[r.SkyAtmosphere.FastSkyLUT:1]]
[2019.12.31-07.23.52:529][  0]LogConfig: Setting CVar [[r.SkyAtmosphere.FastSkyLUT.SampleCountMin:4.0]]
[2019.12.31-07.23.52:529][  0]LogConfig: Setting CVar [[r.SkyAtmosphere.FastSkyLUT.SampleCountMax:32.0]]
[2019.12.31-07.23.52:529][  0]LogConfig: Setting CVar [[r.SkyAtmosphere.SampleCountMin:4.0]]
[2019.12.31-07.23.52:529][  0]LogConfig: Setting CVar [[r.SkyAtmosphere.SampleCountMax:32.0]]
[2019.12.31-07.23.52:529][  0]LogConfig: Setting CVar [[r.SkyAtmosphere.TransmittanceLUT.UseSmallFormat:0]]
[2019.12.31-07.23.52:529][  0]LogConfig: Setting CVar [[r.SkyAtmosphere.TransmittanceLUT.SampleCount:10.0]]
[2019.12.31-07.23.52:529][  0]LogConfig: Setting CVar [[r.SkyAtmosphere.MultiScatteringLUT.SampleCount:15.0]]
[2019.12.31-07.23.52:529][  0]LogConfig: Applying CVar settings from Section [FoliageQuality@3] File [//ODENMAIN/Unreal Projects/Meltdown 4.24/Saved/Config/Windows/Scalability.ini]
[2019.12.31-07.23.52:529][  0]LogConfig: Setting CVar [[foliage.DensityScale:1.0]]
[2019.12.31-07.23.52:529][  0]LogConfig: Setting CVar [[grass.DensityScale:1.0]]
[2019.12.31-07.23.52:529][  0]LogConfig: Applying CVar settings from Section [ShadingQuality@3] File [//ODENMAIN/Unreal Projects/Meltdown 4.24/Saved/Config/Windows/Scalability.ini]
[2019.12.31-07.23.52:529][  0]LogConfig: Setting CVar [[r.HairStrands.SkyLighting.SampleCount:16]]
[2019.12.31-07.23.52:529][  0]LogConfig: Setting CVar [[r.HairStrands.SkyLighting.JitterIntegration:0]]
[2019.12.31-07.23.52:529][  0]LogConfig: Setting CVar [[r.HairStrands.SkyAO.SampleCount:16]]
[2019.12.31-07.23.52:529][  0]LogConfig: Applying CVar settings from Section [Startup] File [../../../Engine/Config/ConsoleVariables.ini]
[2019.12.31-07.23.52:530][  0]LogConfig: Setting CVar [[net.UseAdaptiveNetUpdateFrequency:0]]
[2019.12.31-07.23.52:530][  0]LogConfig: Setting CVar [[p.chaos.AllowCreatePhysxBodies:1]]
[2019.12.31-07.23.52:530][  0]LogConfig: Applying CVar settings from Section [ConsoleVariables] File [//ODENMAIN/Unreal Projects/Meltdown 4.24/Saved/Config/Windows/Engine.ini]
[2019.12.31-07.23.52:530][  0]LogInit: Computer: DESKTOP-E1ETQ7G
[2019.12.31-07.23.52:530][  0]LogInit: User: shyva
[2019.12.31-07.23.52:530][  0]LogInit: CPU Page size=4096, Cores=4
[2019.12.31-07.23.52:530][  0]LogInit: High frequency timer resolution =10.000000 MHz
[2019.12.31-07.23.52:530][  0]LogMemory: Memory total: Physical=16.0GB (16GB approx)
[2019.12.31-07.23.52:530][  0]LogMemory: Platform Memory Stats for Windows
[2019.12.31-07.23.52:530][  0]LogMemory: Process Physical Memory: 138.20 MB used, 138.20 MB peak
[2019.12.31-07.23.52:530][  0]LogMemory: Process Virtual Memory: 115.15 MB used, 115.15 MB peak
[2019.12.31-07.23.52:530][  0]LogMemory: Physical Memory: 6449.12 MB used,  9883.94 MB free, 16333.06 MB total
[2019.12.31-07.23.52:531][  0]LogMemory: Virtual Memory: 5334.66 MB used,  134212392.00 MB free, 134217728.00 MB total
[2019.12.31-07.23.52:533][  0]LogWindows: WindowsPlatformFeatures enabled
[2019.12.31-07.23.52:563][  0]LogInit: Using OS detected language (ru-RU).
[2019.12.31-07.23.52:563][  0]LogInit: Using OS detected locale (ru-RU).
[2019.12.31-07.23.52:565][  0]LogTextLocalizationManager: No specific localization for 'ru-RU' exists, so the 'ru' localization will be used.
[2019.12.31-07.23.52:566][  0]LogTextLocalizationResource: LocRes '../../../Engine/Content/Localization/Editor/ru/Editor.locres' could not be opened for reading!
[2019.12.31-07.23.52:567][  0]LogTextLocalizationResource: LocRes '../../../Engine/Content/Localization/EditorTutorials/ru/EditorTutorials.locres' could not be opened for reading!
[2019.12.31-07.23.52:567][  0]LogTextLocalizationResource: LocRes '../../../Engine/Content/Localization/Keywords/ru/Keywords.locres' could not be opened for reading!
[2019.12.31-07.23.52:567][  0]LogTextLocalizationResource: LocRes '../../../Engine/Content/Localization/Category/ru/Category.locres' could not be opened for reading!
[2019.12.31-07.23.52:567][  0]LogTextLocalizationResource: LocRes '../../../Engine/Content/Localization/ToolTips/ru/ToolTips.locres' could not be opened for reading!
[2019.12.31-07.23.52:567][  0]LogTextLocalizationResource: LocRes '../../../Engine/Content/Localization/PropertyNames/ru/PropertyNames.locres' could not be opened for reading!
[2019.12.31-07.23.52:567][  0]LogTextLocalizationResource: LocRes '../../../Engine/Content/Localization/Engine/ru/Engine.locres' could not be opened for reading!
[2019.12.31-07.23.52:595][  0]LogSlate: New Slate User Created.  User Index 0, Is Virtual User: 0
[2019.12.31-07.23.52:595][  0]LogSlate: Slate User Registered.  User Index 0, Is Virtual User: 0
[2019.12.31-07.23.52:609][  0]LogHMD: Failed to initialize OpenVR with code 110
[2019.12.31-07.23.52:609][  0]LogD3D11RHI: D3D11 min allowed feature level: 11_0
[2019.12.31-07.23.52:609][  0]LogD3D11RHI: D3D11 max allowed feature level: 11_0
[2019.12.31-07.23.52:609][  0]LogD3D11RHI: D3D11 adapters:
[2019.12.31-07.23.52:644][  0]LogD3D11RHI:    0. 'AMD Radeon HD 7800 Series' (Feature Level 11_0)
[2019.12.31-07.23.52:644][  0]LogD3D11RHI:       2028/0/8166 MB DedicatedVideo/DedicatedSystem/SharedSystem, Outputs:1, VendorId:0x1002
[2019.12.31-07.23.52:649][  0]LogD3D11RHI:    1. 'Microsoft Basic Render Driver' (Feature Level 11_0)
[2019.12.31-07.23.52:649][  0]LogD3D11RHI:       0/0/8166 MB DedicatedVideo/DedicatedSystem/SharedSystem, Outputs:0, VendorId:0x1414
[2019.12.31-07.23.52:649][  0]LogD3D11RHI: Chosen D3D11 Adapter: 0
[2019.12.31-07.23.52:654][  0]LogD3D11RHI: Creating new Direct3DDevice
[2019.12.31-07.23.52:655][  0]LogD3D11RHI:     GPU DeviceId: 0x6819 (for the marketing name, search the web for "GPU Device Id")
[2019.12.31-07.23.52:655][  0]LogWindows: EnumDisplayDevices:
[2019.12.31-07.23.52:655][  0]LogWindows:    0. 'AMD Radeon HD 7800 Series' (P:1 D:1)
[2019.12.31-07.23.52:656][  0]LogWindows:    1. 'AMD Radeon HD 7800 Series' (P:0 D:0)
[2019.12.31-07.23.52:656][  0]LogWindows:    2. 'AMD Radeon HD 7800 Series' (P:0 D:0)
[2019.12.31-07.23.52:656][  0]LogWindows:    3. 'AMD Radeon HD 7800 Series' (P:0 D:0)
[2019.12.31-07.23.52:657][  0]LogWindows:    4. 'AMD Radeon HD 7800 Series' (P:0 D:0)
[2019.12.31-07.23.52:657][  0]LogWindows:    5. 'AMD Radeon HD 7800 Series' (P:0 D:0)
[2019.12.31-07.23.52:658][  0]LogWindows:    6. 'AMD Radeon HD 7800 Series' (P:0 D:0)
[2019.12.31-07.23.52:658][  0]LogWindows:    7. 'AMD Radeon HD 7800 Series' (P:0 D:0)
[2019.12.31-07.23.52:659][  0]LogWindows: DebugString: FoundDriverCount:8 
[2019.12.31-07.23.52:659][  0]LogD3D11RHI:     Adapter Name: AMD Radeon HD 7800 Series
[2019.12.31-07.23.52:659][  0]LogD3D11RHI:   Driver Version: Adrenalin 2019 19.11.1 (internal:26.20.13031.10003, unified:26.20.13031.10003)
[2019.12.31-07.23.52:659][  0]LogD3D11RHI:      Driver Date: 11-1-2019
[2019.12.31-07.23.52:659][  0]LogRHI: Texture pool is 1419 MB (70% of 2028 MB)
[2019.12.31-07.23.52:912][  0]LogD3D11RHI: RHI does not have support for 64 bit atomics
[2019.12.31-07.23.52:912][  0]LogD3D11RHI: Async texture creation enabled
[2019.12.31-07.23.52:925][  0]LogD3D11RHI: GPU Timing Frequency: 27.000000 (Debug: 2 1)
[2019.12.31-07.23.53:421][  0]LogTargetPlatformManager: Display: Loaded TargetPlatform 'WindowsNoEditor'
[2019.12.31-07.23.53:425][  0]LogTargetPlatformManager: Display: Loaded TargetPlatform 'Windows'
[2019.12.31-07.23.53:439][  0]LogTargetPlatformManager: Display: Loaded TargetPlatform 'WindowsClient'
[2019.12.31-07.23.53:451][  0]LogTargetPlatformManager: Display: Loaded TargetPlatform 'WindowsServer'
[2019.12.31-07.23.53:451][  0]LogTargetPlatformManager: Display: Building Assets For Windows
[2019.12.31-07.23.53:457][  0]LogAudioDebug: Display: Lib vorbis DLL was dynamically loaded.
[2019.12.31-07.23.53:492][  0]LogShaderCompilers: Guid format shader working directory is 6 characters bigger than the processId version (//ODENMAIN/Unreal Projects/Meltdown 4.24/Intermediate/Shaders/WorkingDirectory/9836/).
[2019.12.31-07.23.53:492][  0]LogShaderCompilers: Cleaned the shader compiler working directory 'C:/Users/shyva/AppData/Local/Temp/UnrealShaderWorkingDir/8B6219E144F0D141672BA9A01DD5CC7F/'.
[2019.12.31-07.23.53:493][  0]LogXGEController: Cannot use XGE Controller as Incredibuild is not installed on this machine.
[2019.12.31-07.23.53:493][  0]LogShaderCompilers: Cannot use XGE Shader Compiler as Incredibuild is not installed on this machine.
[2019.12.31-07.23.53:493][  0]LogShaderCompilers: Display: Using Local Shader Compiler.
[2019.12.31-07.23.54:383][  0]LogDerivedDataCache: Display: Max Cache Size: 512 MB
[2019.12.31-07.23.54:451][  0]LogDerivedDataCache: Loaded boot cache 0.07s 89MB C:/Users/shyva/AppData/Local/UnrealEngine/4.24/DerivedDataCache/Boot.ddc.
[2019.12.31-07.23.54:451][  0]LogDerivedDataCache: Display: Loaded Boot cache: C:/Users/shyva/AppData/Local/UnrealEngine/4.24/DerivedDataCache/Boot.ddc
[2019.12.31-07.23.54:452][  0]LogDerivedDataCache: FDerivedDataBackendGraph:  Pak pak cache file //ODENMAIN/Unreal Projects/Meltdown 4.24/DerivedDataCache/DDC.ddp not found, will not use a pak cache.
[2019.12.31-07.23.54:452][  0]LogDerivedDataCache: Unable to find inner node Pak for hierarchical cache Hierarchy.
[2019.12.31-07.23.54:452][  0]LogDerivedDataCache: FDerivedDataBackendGraph:  CompressedPak pak cache file //ODENMAIN/Unreal Projects/Meltdown 4.24/DerivedDataCache/Compressed.ddp not found, will not use a pak cache.
[2019.12.31-07.23.54:452][  0]LogDerivedDataCache: Unable to find inner node CompressedPak for hierarchical cache Hierarchy.
[2019.12.31-07.23.54:463][  0]LogDerivedDataCache: Display: Pak cache opened for reading ../../../Engine/DerivedDataCache/Compressed.ddp.
[2019.12.31-07.23.54:463][  0]LogDerivedDataCache: FDerivedDataBackendGraph:  EnterprisePak pak cache file ../../../Enterprise/DerivedDataCache/Compressed.ddp not found, will not use a pak cache.
[2019.12.31-07.23.54:463][  0]LogDerivedDataCache: Unable to find inner node EnterprisePak for hierarchical cache Hierarchy.
[2019.12.31-07.23.54:465][  0]LogDerivedDataCache: Using Local data cache path C:/Users/shyva/AppData/Local/UnrealEngine/Common/DerivedDataCache: Writable
[2019.12.31-07.23.54:465][  0]LogDerivedDataCache: Shared data cache path not found in *engine.ini, will not use an Shared cache.
[2019.12.31-07.23.54:465][  0]LogDerivedDataCache: Unable to find inner node Shared for hierarchical cache Hierarchy.
[2019.12.31-07.23.54:496][  0]LogMaterial: Verifying Global Shaders for PCD3D_SM5
[2019.12.31-07.23.54:500][  0]LogSlate: Using FreeType 2.10.0
[2019.12.31-07.23.54:500][  0]LogSlate: SlateFontServices - WITH_FREETYPE: 1, WITH_HARFBUZZ: 1
[2019.12.31-07.23.54:616][  0]LogInit: Using OS detected language (ru-RU).
[2019.12.31-07.23.54:616][  0]LogInit: Using OS detected locale (ru-RU).
[2019.12.31-07.23.54:616][  0]LogTextLocalizationManager: No localization for 'ru-RU' exists, so 'en' will be used for the language.
[2019.12.31-07.23.54:616][  0]LogTextLocalizationManager: No localization for 'ru-RU' exists, so 'en' will be used for the locale.
[2019.12.31-07.23.54:616][  0]LogSlate: FontCache flush requested. Reason: Culture for localization was changed
[2019.12.31-07.23.54:616][  0]LogSlate: FontCache flush requested. Reason: Culture for localization was changed
[2019.12.31-07.23.54:616][  0]LogTextLocalizationManager: Compacting localization data took   0.00ms
[2019.12.31-07.23.54:620][  0]LogAssetRegistry: FAssetRegistry took 0.0024 seconds to start up
[2019.12.31-07.23.54:977][  0]LogPackageLocalizationCache: Processed 10 localized package path(s) for 1 prioritized culture(s) in 0.001142 seconds
[2019.12.31-07.23.55:059][  0]LogInit: Selected Device Profile: [Windows]
[2019.12.31-07.23.55:217][  0]LogMeshReduction: Using QuadricMeshReduction for automatic static mesh reduction
[2019.12.31-07.23.55:217][  0]LogMeshReduction: Using SimplygonMeshReduction for automatic skeletal mesh reduction
[2019.12.31-07.23.55:217][  0]LogMeshReduction: Using ProxyLODMeshReduction for automatic mesh merging
[2019.12.31-07.23.55:217][  0]LogMeshReduction: No distributed automatic mesh merging module available
[2019.12.31-07.23.55:217][  0]LogMeshMerging: No distributed automatic mesh merging module available
[2019.12.31-07.23.55:230][  0]LogNetVersion: Meltdown 1.0.0, NetCL: 10570792, EngineNetVer: 13, GameNetVer: 0 (Checksum: 220608456)
[2019.12.31-07.23.55:830][  0]LogMoviePlayer: Initializing movie player
[2019.12.31-07.23.55:946][  0]LogTcpMessaging: Initializing TcpMessaging bridge
[2019.12.31-07.23.55:949][  0]LogUdpMessaging: Initializing bridge on interface 0.0.0.0:0 to multicast group 230.0.0.1:6666.
[2019.12.31-07.23.55:989][  0]SourceControl: Source control is disabled
[2019.12.31-07.23.55:989][  0]SourceControl: Source control is disabled
[2019.12.31-07.23.55:991][  0]SourceControl: Source control is disabled
[2019.12.31-07.23.55:998][  0]LogVSAccessor: Display: Unable to create Visual Studio setup instance: 80040154
[2019.12.31-07.23.55:999][  0]LogVSAccessor: Display: Unable to create Visual Studio setup instance: 80040154
[2019.12.31-07.23.56:044][  0]LogAndroidPermission: UAndroidPermissionCallbackProxy::GetInstance
[2019.12.31-07.23.56:052][  0]LogAudioCaptureCore: Display: No Audio Capture implementations found. Audio input will be silent.
[2019.12.31-07.23.56:052][  0]LogAudioCaptureCore: Display: No Audio Capture implementations found. Audio input will be silent.
[2019.12.31-07.23.56:122][  0]LogOcInput: OculusInput pre-init called
[2019.12.31-07.23.56:132][  0]LogUObjectArray: 52654 objects as part of root set at end of initial load.
[2019.12.31-07.23.56:132][  0]LogUObjectAllocator: 9329480 out of 0 bytes used by permanent object pool.
[2019.12.31-07.23.56:132][  0]LogUObjectArray: CloseDisregardForGC: 0/0 objects in disregard for GC pool
[2019.12.31-07.23.56:195][  0]LogEngine: Initializing Engine...
[2019.12.31-07.23.56:196][  0]LogHMD: Failed to initialize OpenVR with code 110
[2019.12.31-07.23.56:199][  0]LogStats: UGameplayTagsManager::InitializeManager -  0.001 s
[2019.12.31-07.23.56:431][  0]LogInit: Initializing FReadOnlyCVARCache
[2019.12.31-07.23.56:434][  0]LogAudioMixer: Display: Audio Mixer Platform Settings:
[2019.12.31-07.23.56:434][  0]LogAudioMixer: Display: 	Sample Rate:						  48000
[2019.12.31-07.23.56:434][  0]LogAudioMixer: Display: 	Callback Buffer Frame Size Requested: 1024
[2019.12.31-07.23.56:434][  0]LogAudioMixer: Display: 	Callback Buffer Frame Size To Use:	  1024
[2019.12.31-07.23.56:434][  0]LogAudioMixer: Display: 	Number of buffers to queue:			  2
[2019.12.31-07.23.56:434][  0]LogAudioMixer: Display: 	Max Channels (voices):				  32
[2019.12.31-07.23.56:434][  0]LogAudioMixer: Display: 	Number of Async Source Workers:		  0
[2019.12.31-07.23.56:434][  0]LogAudio: Display: AudioDevice MaxSources: 32
[2019.12.31-07.23.56:434][  0]LogAudio: Display: Using built-in audio occlusion.
[2019.12.31-07.23.56:434][  0]LogAudioMixer: Display: Initializing audio mixer.
[2019.12.31-07.23.56:442][  0]LogAudioMixer: Display: Using Audio Device Unknown
[2019.12.31-07.23.56:449][  0]LogInit: FAudioDevice initialized.
[2019.12.31-07.23.56:451][  0]LogNetVersion: Set ProjectVersion to 1.0.0.0. Version Checksum will be recalculated on next use.
[2019.12.31-07.23.56:460][  0]LogInit: Texture streaming: Enabled
[2019.12.31-07.23.56:743][  0]LogUObjectGlobals: Warning: Failed to load '/Game/Sprites/pic': Can't find file.
[2019.12.31-07.23.56:744][  0]LogUObjectGlobals: Warning: Failed to load '/Game/Sprites/pic': Can't find file.
[2019.12.31-07.23.56:744][  0]LogUObjectGlobals: Warning: Failed to find object 'Object /Game/Sprites/pic.pic'
[2019.12.31-07.23.56:836][  0]LogSlate: Updating window title bar state: overlay mode, drag disabled, window buttons hidden, title bar hidden
[2019.12.31-07.23.56:836][  0]LogInit: Display: Game Engine Initialized.
[2019.12.31-07.23.56:853][  0]LogInit: Display: Starting Game.
[2019.12.31-07.23.56:853][  0]LogNet: Browse: /Game/Maps/MainMenu?Name=Player
[2019.12.31-07.23.56:853][  0]LogLoad: LoadMap: /Game/Maps/MainMenu?Name=Player
[2019.12.31-07.23.56:853][  0]LogWorld: BeginTearingDown for /Temp/Untitled_0
[2019.12.31-07.23.56:854][  0]LogWorld: UWorld::CleanupWorld for Untitled, bSessionEnded=true, bCleanupResources=true
[2019.12.31-07.23.56:855][  0]LogSlate: InvalidateAllWidgets triggered.  All widgets were invalidated
[2019.12.31-07.23.56:900][  0]LogAudioMixer: Display: Flush succeeded in the source manager command queue (1).
[2019.12.31-07.23.56:900][  0]LogAudioMixer: Display: Flush succeeded the source manager command queue (2).
[2019.12.31-07.23.56:904][  0]LogUObjectHash: Compacting FUObjectHashTables data took   2.78ms
[2019.12.31-07.23.56:922][  0]LogAIModule: Creating AISystem for world MainMenu
[2019.12.31-07.23.57:024][  0]LogLoad: Game class is 'LobbyGM_C'
[2019.12.31-07.23.57:025][  0]LogWorld: Bringing World /Game/Maps/MainMenu.MainMenu up for play (max tick rate 0) at 2019.12.31-10.23.57
[2019.12.31-07.23.57:025][  0]LogWorld: Bringing up level for play took: 0.000552
[2019.12.31-07.23.57:026][  0]LogGameMode: FindPlayerStart: PATHS NOT DEFINED or NO PLAYERSTART with positive rating
[2019.12.31-07.23.57:032][  0]LogLoad: Took 0.178532 seconds to LoadMap(/Game/Maps/MainMenu)
[2019.12.31-07.23.57:065][  0]LogRenderer: Reallocating scene render targets to support 1280x720 Format 10 NumSamples 1 (Frame:1).
[2019.12.31-07.23.57:065][  0]LogLoad: (Engine Initialization) Total time: 7.61 seconds
[2019.12.31-07.23.57:066][  0]LogLoad: (Engine Initialization) Total Blueprint compile time: 0.00 seconds
[2019.12.31-07.23.57:083][  0]LogContentStreaming: Texture pool size now 1000 MB
[2019.12.31-07.23.57:090][  0]LogSlate: InvalidateAllWidgets triggered.  All widgets were invalidated
[2019.12.31-07.23.59:528][584]Closing by request
[2019.12.31-07.23.59:528][584]LogWindows: FPlatformMisc::RequestExit(0)
[2019.12.31-07.23.59:528][584]LogCore: Engine exit requested (reason: Win RequestExit)
[2019.12.31-07.23.59:532][585]LogCore: Engine exit requested (reason: EngineExit() was called; note: exit was already requested)
[2019.12.31-07.23.59:544][585]LogAudioMixer: Display: Flush succeeded in the source manager command queue (1).
[2019.12.31-07.23.59:564][585]LogAudioMixer: Display: Flush succeeded the source manager command queue (2).
[2019.12.31-07.23.59:588][585]LogInit: Display: PreExit Game.
[2019.12.31-07.23.59:588][585]LogWorld: BeginTearingDown for /Game/Maps/MainMenu
[2019.12.31-07.23.59:588][585]LogWorld: UWorld::CleanupWorld for MainMenu, bSessionEnded=true, bCleanupResources=true
[2019.12.31-07.23.59:588][585]LogSlate: InvalidateAllWidgets triggered.  All widgets were invalidated
[2019.12.31-07.24.00:213][585]LogSlate: Window 'asdasd sdfsdf ' being destroyed
[2019.12.31-07.24.00:214][585]LogWindowsTextInputMethodSystem: Display: IME system now deactivated.
[2019.12.31-07.24.00:225][585]LogWindowsTextInputMethodSystem: Display: IME system now deactivated.
[2019.12.31-07.24.00:229][585]LogExit: Preparing to exit.
[2019.12.31-07.24.00:952][585]LogMoviePlayer: Shutting down movie player
[2019.12.31-07.24.01:124][585]LogSlate: Updating window title bar state: overlay mode, drag disabled, window buttons hidden, title bar hidden
[2019.12.31-07.24.01:125][585]LogDemo: Cleaned up 0 splitscreen connections with owner deletion
[2019.12.31-07.24.01:131][585]LogExit: Game engine shut down
[2019.12.31-07.24.01:207][585]LogExit: Object subsystem successfully closed.
[2019.12.31-07.24.01:225][585]LogShaderCompilers: Display: Shaders left to compile 0
[2019.12.31-07.24.01:248][585]LogModuleManager: Shutting down and abandoning module SequenceRecorderSections (438)
[2019.12.31-07.24.01:248][585]LogModuleManager: Shutting down and abandoning module SequenceRecorder (436)
[2019.12.31-07.24.01:248][585]LogModuleManager: Shutting down and abandoning module AutomationController (434)
[2019.12.31-07.24.01:248][585]LogModuleManager: Shutting down and abandoning module AutomationWorker (432)
[2019.12.31-07.24.01:248][585]LogModuleManager: Shutting down and abandoning module Voice (430)
[2019.12.31-07.24.01:248][585]LogModuleManager: Shutting down and abandoning module AIModule (428)
[2019.12.31-07.24.01:248][585]LogModuleManager: Shutting down and abandoning module GameplayDebugger (427)
[2019.12.31-07.24.01:248][585]LogModuleManager: Shutting down and abandoning module AITestSuite (425)
[2019.12.31-07.24.01:248][585]LogModuleManager: Shutting down and abandoning module NavigationSystem (423)
[2019.12.31-07.24.01:248][585]LogModuleManager: Shutting down and abandoning module OculusMR (420)
[2019.12.31-07.24.01:248][585]LogModuleManager: Shutting down and abandoning module WmfMediaFactory (418)
[2019.12.31-07.24.01:248][585]LogModuleManager: Shutting down and abandoning module WebMMediaFactory (416)
[2019.12.31-07.24.01:248][585]LogModuleManager: Shutting down and abandoning module WebMMedia (414)
[2019.12.31-07.24.01:248][585]LogModuleManager: Shutting down and abandoning module OpenExrWrapper (412)
[2019.12.31-07.24.01:249][585]LogModuleManager: Shutting down and abandoning module ImgMediaFactory (410)
[2019.12.31-07.24.01:249][585]LogModuleManager: Shutting down and abandoning module AvfMediaFactory (408)
[2019.12.31-07.24.01:249][585]LogModuleManager: Shutting down and abandoning module MagicLeapMediaCodecFactory (406)
[2019.12.31-07.24.01:249][585]LogModuleManager: Shutting down and abandoning module MagicLeapMediaFactory (404)
[2019.12.31-07.24.01:249][585]LogModuleManager: Shutting down and abandoning module CharacterAI (402)
[2019.12.31-07.24.01:249][585]LogModuleManager: Shutting down and abandoning module SessionServices (400)
[2019.12.31-07.24.01:249][585]LogModuleManager: Shutting down and abandoning module MovieSceneCapture (398)
[2019.12.31-07.24.01:249][585]LogModuleManager: Shutting down and abandoning module LiveCoding (396)
[2019.12.31-07.24.01:249][585]LogModuleManager: Shutting down and abandoning module LevelSequence (394)
[2019.12.31-07.24.01:249][585]LogModuleManager: Shutting down and abandoning module MovieSceneTracks (392)
[2019.12.31-07.24.01:249][585]LogModuleManager: Shutting down and abandoning module MovieScene (390)
[2019.12.31-07.24.01:249][585]LogModuleManager: Shutting down and abandoning module StreamingPauseRendering (388)
[2019.12.31-07.24.01:249][585]LogModuleManager: Shutting down and abandoning module PortalServices (386)
[2019.12.31-07.24.01:249][585]LogModuleManager: Shutting down and abandoning module PortalRpc (384)
[2019.12.31-07.24.01:249][585]LogModuleManager: Shutting down and abandoning module MessagingRpc (382)
[2019.12.31-07.24.01:249][585]LogModuleManager: Shutting down and abandoning module AudioMixerXAudio2 (380)
[2019.12.31-07.24.01:249][585]LogModuleManager: Shutting down and abandoning module ImageWriteQueue (378)
[2019.12.31-07.24.01:251][585]LogModuleManager: Shutting down and abandoning module ProfilerService (376)
[2019.12.31-07.24.01:403][585]LogModuleManager: Shutting down and abandoning module TaskGraph (374)
[2019.12.31-07.24.01:403][585]LogModuleManager: Shutting down and abandoning module ProceduralMeshComponent (372)
[2019.12.31-07.24.01:403][585]LogModuleManager: Shutting down and abandoning module OculusInput (370)
[2019.12.31-07.24.01:403][585]LogModuleManager: Shutting down and abandoning module MobilePatchingUtils (368)
[2019.12.31-07.24.01:403][585]LogModuleManager: Shutting down and abandoning module EditableMesh (366)
[2019.12.31-07.24.01:403][585]LogModuleManager: Shutting down and abandoning module CustomMeshComponent (364)
[2019.12.31-07.24.01:403][585]LogModuleManager: Shutting down and abandoning module CableComponent (362)
[2019.12.31-07.24.01:403][585]LogModuleManager: Shutting down and abandoning module AudioCapture (360)
[2019.12.31-07.24.01:404][585]LogModuleManager: Shutting down and abandoning module AudioCaptureRtAudio (359)
[2019.12.31-07.24.01:404][585]LogModuleManager: Shutting down and abandoning module AssetTags (356)
[2019.12.31-07.24.01:404][585]LogModuleManager: Shutting down and abandoning module ArchVisCharacter (354)
[2019.12.31-07.24.01:404][585]LogModuleManager: Shutting down and abandoning module AppleImageUtilsBlueprintSupport (352)
[2019.12.31-07.24.01:404][585]LogModuleManager: Shutting down and abandoning module AppleImageUtils (350)
[2019.12.31-07.24.01:404][585]LogModuleManager: Shutting down and abandoning module AndroidPermission (348)
[2019.12.31-07.24.01:404][585]LogModuleManager: Shutting down and abandoning module NUTUnrealEngine4 (344)
[2019.12.31-07.24.01:404][585]LogModuleManager: Shutting down and abandoning module NetcodeUnitTest (342)
[2019.12.31-07.24.01:404][585]LogModuleManager: Shutting down and abandoning module MediaCompositing (340)
[2019.12.31-07.24.01:404][585]LogModuleManager: Shutting down and abandoning module ImgMedia (338)
[2019.12.31-07.24.01:404][585]LogModuleManager: Shutting down and abandoning module MagicLeapHelperVulkan (336)
[2019.12.31-07.24.01:404][585]LogModuleManager: Shutting down and abandoning module MagicLeapHelperOpenGL (334)
[2019.12.31-07.24.01:404][585]LogModuleManager: Shutting down and abandoning module MagicLeapAudio (332)
[2019.12.31-07.24.01:404][585]LogModuleManager: Shutting down and abandoning module GeometryCacheTracks (330)
[2019.12.31-07.24.01:404][585]LogModuleManager: Shutting down and abandoning module GeometryCacheSequencer (329)
[2019.12.31-07.24.01:404][585]LogModuleManager: Shutting down and abandoning module GeometryCache (326)
[2019.12.31-07.24.01:404][585]LogModuleManager: Shutting down and abandoning module GeometryCacheEd (325)
[2019.12.31-07.24.01:404][585]LogModuleManager: Shutting down and abandoning module BackChannel (322)
[2019.12.31-07.24.01:404][585]LogModuleManager: Shutting down and abandoning module AutomationUtils (320)
[2019.12.31-07.24.01:404][585]LogModuleManager: Shutting down and abandoning module VisualStudioSourceCodeAccess (318)
[2019.12.31-07.24.01:404][585]LogModuleManager: Shutting down and abandoning module HotReload (317)
[2019.12.31-07.24.01:404][585]LogModuleManager: Shutting down and abandoning module DirectoryWatcher (316)
[2019.12.31-07.24.01:404][585]LogModuleManager: Shutting down and abandoning module VisualStudioCodeSourceCodeAccess (312)
[2019.12.31-07.24.01:404][585]LogModuleManager: Shutting down and abandoning module UObjectPlugin (310)
[2019.12.31-07.24.01:404][585]LogModuleManager: Shutting down and abandoning module SubversionSourceControl (308)
[2019.12.31-07.24.01:404][585]LogModuleManager: Shutting down and abandoning module PerforceSourceControl (306)
[2019.12.31-07.24.01:404][585]LogModuleManager: Shutting down and abandoning module SourceControl (305)
[2019.12.31-07.24.01:404][585]LogModuleManager: Shutting down and abandoning module CLionSourceCodeAccess (302)
[2019.12.31-07.24.01:404][585]LogModuleManager: Shutting down and abandoning module ActorLayerUtilities (300)
[2019.12.31-07.24.01:404][585]LogModuleManager: Shutting down and abandoning module SignificanceManager (298)
[2019.12.31-07.24.01:404][585]LogModuleManager: Shutting down and abandoning module RuntimePhysXCooking (296)
[2019.12.31-07.24.01:404][585]LogModuleManager: Shutting down and abandoning module PhysXVehiclesEditor (294)
[2019.12.31-07.24.01:404][585]LogModuleManager: Shutting down and abandoning module LocationServicesBPLibrary (290)
[2019.12.31-07.24.01:405][585]LogModuleManager: Shutting down and abandoning module ActorSequence (288)
[2019.12.31-07.24.01:405][585]LogModuleManager: Shutting down and abandoning module UdpMessaging (286)
[2019.12.31-07.24.01:506][585]LogModuleManager: Shutting down and abandoning module TcpMessaging (284)
[2019.12.31-07.24.01:950][585]LogModuleManager: Shutting down and abandoning module MagicLeapPrivileges (282)
[2019.12.31-07.24.01:950][585]LogModuleManager: Shutting down and abandoning module MagicLeapPlanes (280)
[2019.12.31-07.24.01:950][585]LogMagicLeapPlanes: Planes tracker already destroyed.
[2019.12.31-07.24.01:950][585]LogModuleManager: Shutting down and abandoning module MagicLeapIdentity (278)
[2019.12.31-07.24.01:950][585]LogModuleManager: Shutting down and abandoning module MagicLeapSecureStorage (276)
[2019.12.31-07.24.01:950][585]LogModuleManager: Shutting down and abandoning module MagicLeapImageTracker (274)
[2019.12.31-07.24.01:951][585]LogModuleManager: Shutting down and abandoning module MagicLeapHandTracking (272)
[2019.12.31-07.24.01:951][585]LogModuleManager: Shutting down and abandoning module MagicLeapHandMeshing (270)
[2019.12.31-07.24.01:951][585]LogModuleManager: Shutting down and abandoning module MagicLeapEyeTracker (268)
[2019.12.31-07.24.01:951][585]LogModuleManager: Shutting down and abandoning module MagicLeapController (266)
[2019.12.31-07.24.01:951][585]LogSlate: Slate User Destroyed.  User Index 0, Is Virtual User: 0
[2019.12.31-07.24.01:951][585]LogModuleManager: Shutting down and abandoning module MagicLeapARPin (264)
[2019.12.31-07.24.01:951][585]LogModuleManager: Shutting down and abandoning module MagicLeapAR (262)
[2019.12.31-07.24.01:951][585]LogModuleManager: Shutting down and abandoning module AugmentedReality (261)
[2019.12.31-07.24.01:951][585]LogModuleManager: Shutting down and abandoning module GameplayTagsEditor (258)
[2019.12.31-07.24.01:951][585]LogModuleManager: Shutting down and abandoning module FacialAnimation (256)
[2019.12.31-07.24.01:951][585]LogModuleManager: Shutting down and abandoning module AssetManagerEditor (254)
[2019.12.31-07.24.01:951][585]LogModuleManager: Shutting down and abandoning module TreeMap (253)
[2019.12.31-07.24.01:951][585]LogModuleManager: Shutting down and abandoning module AnimationSharing (250)
[2019.12.31-07.24.01:951][585]LogModuleManager: Shutting down and abandoning module LightPropagationVolumeRuntime (248)
[2019.12.31-07.24.01:951][585]LogModuleManager: Shutting down and abandoning module Paper2D (246)
[2019.12.31-07.24.01:951][585]LogModuleManager: Shutting down and abandoning module WindowsMoviePlayer (244)
[2019.12.31-07.24.01:952][585]LogModuleManager: Shutting down and abandoning module WebMMoviePlayer (242)
[2019.12.31-07.24.01:953][585]LogModuleManager: Shutting down and abandoning module NetworkReplayStreaming (240)
[2019.12.31-07.24.01:953][585]LogModuleManager: Shutting down and abandoning module PacketHandler (238)
[2019.12.31-07.24.01:953][585]LogModuleManager: Shutting down and abandoning module ClothingSystemEditor (236)
[2019.12.31-07.24.01:953][585]LogModuleManager: Shutting down and abandoning module ClothingSystemRuntimeNv (234)
[2019.12.31-07.24.01:953][585]LogModuleManager: Shutting down and abandoning module MediaAssets (232)
[2019.12.31-07.24.01:953][585]LogModuleManager: Shutting down and abandoning module Overlay (230)
[2019.12.31-07.24.01:953][585]LogModuleManager: Shutting down and abandoning module OverlayEditor (229)
[2019.12.31-07.24.01:953][585]LogModuleManager: Shutting down and abandoning module VREditor (226)
[2019.12.31-07.24.01:953][585]LogModuleManager: Shutting down and abandoning module StringTableEditor (224)
[2019.12.31-07.24.01:953][585]LogModuleManager: Shutting down and abandoning module GameplayTasksEditor (222)
[2019.12.31-07.24.01:953][585]LogModuleManager: Shutting down and abandoning module BehaviorTreeEditor (220)
[2019.12.31-07.24.01:953][585]LogModuleManager: Shutting down and abandoning module FunctionalTesting (218)
[2019.12.31-07.24.01:953][585]LogModuleManager: Shutting down and abandoning module CollisionAnalyzer (216)
[2019.12.31-07.24.01:953][585]LogModuleManager: Shutting down and abandoning module WorkspaceMenuStructure (215)
[2019.12.31-07.24.01:953][585]LogModuleManager: Shutting down and abandoning module UMG (212)
[2019.12.31-07.24.01:953][585]LogModuleManager: Shutting down and abandoning module UMGEditor (211)
[2019.12.31-07.24.01:953][585]LogModuleManager: Shutting down and abandoning module Sequencer (210)
[2019.12.31-07.24.01:953][585]LogModuleManager: Shutting down and abandoning module MessageLog (207)
[2019.12.31-07.24.01:953][585]LogModuleManager: Shutting down and abandoning module SlateReflector (202)
[2019.12.31-07.24.01:953][585]LogModuleManager: Shutting down and abandoning module Slate (200)
[2019.12.31-07.24.01:953][585]LogModuleManager: Shutting down and abandoning module SlateCore (198)
[2019.12.31-07.24.01:953][585]LogModuleManager: Shutting down and abandoning module LandscapeEditorUtilities (196)
[2019.12.31-07.24.01:953][585]LogModuleManager: Shutting down and abandoning module EditorStyle (194)
[2019.12.31-07.24.01:954][585]LogModuleManager: Shutting down and abandoning module UnrealEd (192)
[2019.12.31-07.24.01:954][585]LogModuleManager: Shutting down and abandoning module MRMesh (190)
[2019.12.31-07.24.01:954][585]LogModuleManager: Shutting down and abandoning module Messaging (188)
[2019.12.31-07.24.01:954][585]LogModuleManager: Shutting down and abandoning module SourceCodeAccess (186)
[2019.12.31-07.24.01:954][585]LogModuleManager: Shutting down and abandoning module HeadMountedDisplay (184)
[2019.12.31-07.24.01:954][585]LogModuleManager: Shutting down and abandoning module XAudio2 (182)
[2019.12.31-07.24.01:954][585]LogModuleManager: Shutting down and abandoning module Networking (180)
[2019.12.31-07.24.01:954][585]LogModuleManager: Shutting down and abandoning module Core (178)
[2019.12.31-07.24.01:954][585]LogModuleManager: Shutting down and abandoning module MovieSceneTools (176)
[2019.12.31-07.24.01:954][585]LogModuleManager: Shutting down and abandoning module KismetCompiler (174)
[2019.12.31-07.24.01:954][585]LogModuleManager: Shutting down and abandoning module MeshUtilities (172)
[2019.12.31-07.24.01:954][585]LogModuleManager: Shutting down and abandoning module MeshMergeUtilities (171)
[2019.12.31-07.24.01:954][585]LogModuleManager: Shutting down and abandoning module MeshReductionInterface (170)
[2019.12.31-07.24.01:954][585]LogModuleManager: Shutting down and abandoning module MeshBoneReduction (169)
[2019.12.31-07.24.01:954][585]LogModuleManager: Shutting down and abandoning module SkeletalMeshReduction (167)
[2019.12.31-07.24.01:954][585]LogModuleManager: Shutting down and abandoning module ProxyLODMeshReduction (165)
[2019.12.31-07.24.01:954][585]LogModuleManager: Shutting down and abandoning module QuadricMeshReduction (163)
[2019.12.31-07.24.01:954][585]LogModuleManager: Shutting down and abandoning module MaterialBaking (159)
[2019.12.31-07.24.01:954][585]LogModuleManager: Shutting down and abandoning module NullInstallBundleManager (154)
[2019.12.31-07.24.01:955][585]LogModuleManager: Shutting down and abandoning module PIEPreviewDeviceProfileSelector (152)
[2019.12.31-07.24.01:955][585]LogModuleManager: Shutting down and abandoning module DerivedDataCache (150)
[2019.12.31-07.24.01:955][585]LogDerivedDataCache: Shutdown
[2019.12.31-07.24.01:955][585]LogModuleManager: Shutting down and abandoning module XGEController (148)
[2019.12.31-07.24.01:955][585]LogModuleManager: Shutting down and abandoning module TargetPlatform (146)
[2019.12.31-07.24.01:955][585]LogModuleManager: Shutting down and abandoning module VulkanShaderFormat (145)
[2019.12.31-07.24.01:955][585]LogModuleManager: Shutting down and abandoning module ShaderFormatVectorVM (143)
[2019.12.31-07.24.01:955][585]LogModuleManager: Shutting down and abandoning module ShaderFormatOpenGL (141)
[2019.12.31-07.24.01:955][585]LogModuleManager: Shutting down and abandoning module ShaderFormatD3D (139)
[2019.12.31-07.24.01:955][585]LogModuleManager: Shutting down and abandoning module MetalShaderFormat (137)
[2019.12.31-07.24.01:955][585]LogModuleManager: Shutting down and abandoning module TextureFormatUncompressed (135)
[2019.12.31-07.24.01:955][585]LogModuleManager: Shutting down and abandoning module TextureFormatPVR (133)
[2019.12.31-07.24.01:955][585]LogModuleManager: Shutting down and abandoning module TextureFormatDXT (131)
[2019.12.31-07.24.01:955][585]LogModuleManager: Shutting down and abandoning module TextureFormatIntelISPCTexComp (129)
[2019.12.31-07.24.01:955][585]LogModuleManager: Shutting down and abandoning module TextureFormatASTC (127)
[2019.12.31-07.24.01:955][585]LogModuleManager: Shutting down and abandoning module ImageWrapper (126)
[2019.12.31-07.24.01:955][585]LogModuleManager: Shutting down and abandoning module TextureFormatAndroid (123)
[2019.12.31-07.24.01:955][585]LogModuleManager: Shutting down and abandoning module AudioFormatOpus (121)
[2019.12.31-07.24.01:955][585]LogModuleManager: Shutting down and abandoning module AudioFormatOgg (119)
[2019.12.31-07.24.01:955][585]LogModuleManager: Shutting down and abandoning module AudioFormatADPCM (117)
[2019.12.31-07.24.01:955][585]LogModuleManager: Shutting down and abandoning module WindowsServerTargetPlatform (115)
[2019.12.31-07.24.01:955][585]LogModuleManager: Shutting down and abandoning module WindowsClientTargetPlatform (113)
[2019.12.31-07.24.01:955][585]LogModuleManager: Shutting down and abandoning module WindowsTargetPlatform (111)
[2019.12.31-07.24.01:955][585]LogModuleManager: Shutting down and abandoning module WindowsNoEditorTargetPlatform (109)
[2019.12.31-07.24.01:955][585]LogModuleManager: Shutting down and abandoning module InputCore (106)
[2019.12.31-07.24.01:955][585]LogModuleManager: Shutting down and abandoning module Settings (104)
[2019.12.31-07.24.01:955][585]LogModuleManager: Shutting down and abandoning module PhysXCooking (102)
[2019.12.31-07.24.01:955][585]LogModuleManager: Shutting down and abandoning module ChaosSolvers (100)
[2019.12.31-07.24.01:955][585]LogModuleManager: Shutting down and abandoning module FieldSystemEngine (99)
[2019.12.31-07.24.01:955][585]LogModuleManager: Shutting down and abandoning module Chaos (96)
[2019.12.31-07.24.01:955][585]LogModuleManager: Shutting down and abandoning module WindowsPlatformFeatures (94)
[2019.12.31-07.24.01:955][585]LogModuleManager: Shutting down and abandoning module GameplayMediaEncoder (93)
[2019.12.31-07.24.01:955][585]LogModuleManager: Shutting down and abandoning module SteamVRInputDevice (90)
[2019.12.31-07.24.01:955][585]LogModuleManager: Shutting down and abandoning module SteamVRInput (88)
[2019.12.31-07.24.01:955][585]LogModuleManager: Shutting down and abandoning module SteamVR (86)
[2019.12.31-07.24.01:955][585]LogHMD: Freeing OpenVRDLLHandle.
[2019.12.31-07.24.01:955][585]LogModuleManager: Shutting down and abandoning module OculusHMD (84)
[2019.12.31-07.24.01:955][585]LogModuleManager: Shutting down and abandoning module ExampleDeviceProfileSelector (82)
[2019.12.31-07.24.01:955][585]LogModuleManager: Shutting down and abandoning module LauncherChunkInstaller (80)
[2019.12.31-07.24.01:955][585]LogModuleManager: Shutting down and abandoning module OnlineBlueprintSupport (78)
[2019.12.31-07.24.01:955][585]LogModuleManager: Shutting down and abandoning module OnlineSubsystem (74)
[2019.12.31-07.24.01:955][585]LogOnline: Display: STEAM: OnlineSubsystemSteam::Shutdown()
[2019.12.31-07.24.01:956][585]LogOnline: STEAM: AUTH: Revoking all tickets.
[2019.12.31-07.24.01:956][585]LogSteamShared: Unloading the Steam server API...
[2019.12.31-07.24.02:035][585]LogSteamShared: Unloading the Steam API...
[2019.12.31-07.24.02:100][585]LogOnline: Display: STEAM: OnlineSubsystemSteam::Shutdown()
[2019.12.31-07.24.02:100][585]LogModuleManager: Shutting down and abandoning module SteamShared (70)
[2019.12.31-07.24.02:100][585]LogSteamShared: Freeing the Steam Loaded Modules...
[2019.12.31-07.24.02:100][585]LogModuleManager: Shutting down and abandoning module XMPP (67)
[2019.12.31-07.24.02:100][585]LogModuleManager: Shutting down and abandoning module WebSockets (66)
[2019.12.31-07.24.02:103][585]LogModuleManager: Shutting down and abandoning module HTTP (63)
[2019.12.31-07.24.02:123][585]LogModuleManager: Shutting down and abandoning module SSL (62)
[2019.12.31-07.24.02:125][585]LogModuleManager: Shutting down and abandoning module WmfMedia (58)
[2019.12.31-07.24.02:128][585]LogModuleManager: Shutting down and abandoning module Media (57)
[2019.12.31-07.24.02:129][585]LogModuleManager: Shutting down and abandoning module MagicLeap (54)
[2019.12.31-07.24.02:129][585]LogModuleManager: Shutting down and abandoning module VariantManagerContent (52)
[2019.12.31-07.24.02:129][585]LogModuleManager: Shutting down and abandoning module DatasmithContent (50)
[2019.12.31-07.24.02:134][585]LogModuleManager: Shutting down and abandoning module AISupportModule (48)
[2019.12.31-07.24.02:134][585]LogModuleManager: Shutting down and abandoning module DesktopPlatform (46)
[2019.12.31-07.24.02:134][585]LogModuleManager: Shutting down and abandoning module PlatformCryptoOpenSSL (44)
[2019.12.31-07.24.02:134][585]LogModuleManager: Shutting down and abandoning module PlatformCryptoTypes (42)
[2019.12.31-07.24.02:134][585]LogModuleManager: Shutting down and abandoning module PlatformCrypto (40)
[2019.12.31-07.24.02:134][585]LogModuleManager: Shutting down and abandoning module AnimationModifiers (38)
[2019.12.31-07.24.02:134][585]LogModuleManager: Shutting down and abandoning module PropertyEditor (37)
[2019.12.31-07.24.02:134][585]LogModuleManager: Shutting down and abandoning module AudioEditor (34)
[2019.12.31-07.24.02:134][585]LogModuleManager: Shutting down and abandoning module TextureCompressor (32)
[2019.12.31-07.24.02:134][585]LogModuleManager: Shutting down and abandoning module RenderCore (30)
[2019.12.31-07.24.02:134][585]LogModuleManager: Shutting down and abandoning module Landscape (28)
[2019.12.31-07.24.02:134][585]LogModuleManager: Shutting down and abandoning module SlateRHIRenderer (26)
[2019.12.31-07.24.02:135][585]LogModuleManager: Shutting down and abandoning module OpenGLDrv (24)
[2019.12.31-07.24.02:135][585]LogModuleManager: Shutting down and abandoning module D3D11RHI (22)
[2019.12.31-07.24.02:135][585]LogModuleManager: Shutting down and abandoning module AnimGraphRuntime (20)
[2019.12.31-07.24.02:135][585]LogModuleManager: Shutting down and abandoning module Renderer (18)
[2019.12.31-07.24.02:135][585]LogModuleManager: Shutting down and abandoning module Engine (16)
[2019.12.31-07.24.02:135][585]LogModuleManager: Shutting down and abandoning module CoreUObject (14)
[2019.12.31-07.24.02:135][585]LogModuleManager: Shutting down and abandoning module NetworkFile (12)
[2019.12.31-07.24.02:135][585]LogModuleManager: Shutting down and abandoning module CookedIterativeFile (10)
[2019.12.31-07.24.02:135][585]LogModuleManager: Shutting down and abandoning module StreamingFile (8)
[2019.12.31-07.24.02:135][585]LogModuleManager: Shutting down and abandoning module SandboxFile (6)
[2019.12.31-07.24.02:135][585]LogModuleManager: Shutting down and abandoning module PakFile (4)
[2019.12.31-07.24.02:135][585]LogModuleManager: Shutting down and abandoning module RSA (3)
[2019.12.31-07.24.02:136][585]LogD3D11RHI: Shutdown
[2019.12.31-07.24.02:136][585]LogD3D11RHI: CleanupD3DDevice
[2019.12.31-07.24.02:142][585]LogExit: Exiting.
[2019.12.31-07.24.02:170][585]Log file closed, 12/31/19 10:24:02
